
2024/02/25 12:13:55 D:/project/goProject/ongoing_project/web/user/init.go:30
[error] failed to initialize database, got error dial tcp 1.94.9.77:3306: i/o timeout

2024/02/25 12:14:40 D:/project/goProject/ongoing_project/web/user/func.go:10
[26.908ms] [rows:-] SELECT DATABASE()

2024/02/25 12:14:40 D:/project/goProject/ongoing_project/web/user/func.go:10
[57.044ms] [rows:1] SELECT SCHEMA_NAME from Information_schema.SCHEMATA where SCHEMA_NAME LIKE 'web%' ORDER BY SCHEMA_NAME='web' DESC,SCHEMA_NAME limit 1

2024/02/25 12:14:40 D:/project/goProject/ongoing_project/web/user/func.go:10
[58.144ms] [rows:-] SELECT count(*) FROM information_schema.tables WHERE table_schema = 'web' AND table_name = 'users' AND table_type = 'BASE TABLE'

2024/02/25 12:14:40 D:/project/goProject/ongoing_project/web/user/func.go:10
[63.053ms] [rows:0] CREATE TABLE `users` (`id` bigint unsigned AUTO_INCREMENT,`created_at` datetime(3) NULL,`updated_at` datetime(3) NULL,`deleted_at` datetime(3) NULL,`username` longtext,`password` longtext,PRIMARY KEY (`id`),INDEX `idx_users_deleted_at` (`deleted_at`))

2024/02/25 12:14:40 D:/project/goProject/ongoing_project/web/user/func.go:10
[26.511ms] [rows:-] SELECT DATABASE()

2024/02/25 12:14:40 D:/project/goProject/ongoing_project/web/user/func.go:10
[55.580ms] [rows:1] SELECT SCHEMA_NAME from Information_schema.SCHEMATA where SCHEMA_NAME LIKE 'web%' ORDER BY SCHEMA_NAME='web' DESC,SCHEMA_NAME limit 1

2024/02/25 12:14:40 D:/project/goProject/ongoing_project/web/user/func.go:10
[55.012ms] [rows:-] SELECT count(*) FROM information_schema.tables WHERE table_schema = 'web' AND table_name = 'servers' AND table_type = 'BASE TABLE'

2024/02/25 12:14:40 D:/project/goProject/ongoing_project/web/user/func.go:10
[75.524ms] [rows:0] CREATE TABLE `servers` (`id` bigint unsigned AUTO_INCREMENT,`created_at` datetime(3) NULL,`updated_at` datetime(3) NULL,`deleted_at` datetime(3) NULL,`server_address` longtext,`user_id` bigint unsigned,PRIMARY KEY (`id`),INDEX `idx_servers_deleted_at` (`deleted_at`),CONSTRAINT `fk_servers_user` FOREIGN KEY (`user_id`) REFERENCES `users`(`id`))
[GIN-debug] GET    /containers               --> web/web_server.containersList (4 handlers)
[GIN-debug] GET    /containers/all           --> web/web_server.containersListAll (4 handlers)
[GIN-debug] POST   /container/create         --> web/web_server.containerCreate (4 handlers)
[GIN-debug] POST   /container/start          --> web/web_server.containerStart (4 handlers)
[GIN-debug] POST   /container/stop           --> web/web_server.containerStop (4 handlers)
[GIN-debug] POST   /container/kill           --> web/web_server.containerKill (4 handlers)
[GIN-debug] POST   /container/remove         --> web/web_server.containerRemove (4 handlers)
[GIN-debug] POST   /container/search         --> web/web_server.containerSearch (4 handlers)
[GIN-debug] GET    /images                   --> web/web_server.imageList (4 handlers)
[GIN-debug] GET    /images/all               --> web/web_server.imageListAll (4 handlers)
[GIN-debug] POST   /image/buildByFile        --> web/web_server.imageBuildByFile (4 handlers)
[GIN-debug] POST   /image/tag/remove         --> web/web_server.imageTagRemove (4 handlers)
[GIN-debug] POST   /image/removeByID         --> web/web_server.imageRemoveByID (4 handlers)
[GIN-debug] POST   /image/tag/rename         --> web/web_server.imageTagRename (4 handlers)
[GIN-debug] POST   /images/search/repository --> web/web_server.imagesSearchRepository (4 handlers)
[GIN-debug] POST   /images/search/local      --> web/web_server.imagesSearchLocal (4 handlers)
[GIN-debug] POST   /image/addTag             --> web/web_server.imageAddTag (4 handlers)
[GIN-debug] POST   /images/export            --> web/web_server.imagesExport (4 handlers)
[GIN-debug] POST   /images/load              --> web/web_server.imagesLoad (4 handlers)
[GIN-debug] POST   /image/pull               --> web/web_server.imagePull (4 handlers)
[GIN-debug] POST   /image/push               --> web/web_server.imagePush (4 handlers)
[GIN-debug] POST   /repository/login         --> web/web_server.repositoryLogin (4 handlers)
[GIN-debug] POST   /repository/logout        --> web/web_server.repositoryLogout (4 handlers)
[GIN-debug] GET    /repositories/list        --> web/web_server.repositoriesList (4 handlers)
[GIN-debug] POST   /user/addServer           --> web/web_server.userAddServer (4 handlers)
[GIN-debug] POST   /user/removeServer        --> web/web_server.userRemoveServer (4 handlers)
[GIN-debug] POST   /user/login               --> web/web_server.userLogin (3 handlers)
[GIN-debug] POST   /user/register            --> web/web_server.userRegister (3 handlers)
[GIN-debug] [WARNING] You trusted all proxies, this is NOT safe. We recommend you to set a value.
Please check https://pkg.go.dev/github.com/gin-gonic/gin#readme-don-t-trust-all-proxies for details.
[GIN-debug] Listening and serving HTTP on :80
[GIN] 2024/02/25 - 12:15:00 | 400 |            0s |       127.0.0.1 | GET      "/containers?server=1.94.9.77:2375"
[GIN] 2024/02/25 - 12:15:07 | 400 |            0s |       127.0.0.1 | GET      "/containers?server=1.94.9.77:2375"
[GIN] 2024/02/25 - 12:15:13 | 400 |     57.0918ms |       127.0.0.1 | POST     "/user/login"
[GIN] 2024/02/25 - 12:15:19 | 200 |    170.1015ms |       127.0.0.1 | POST     "/user/register"
[GIN] 2024/02/25 - 12:15:23 | 400 |     56.2904ms |       127.0.0.1 | POST     "/user/register"
[GIN] 2024/02/25 - 12:15:25 | 200 |    250.0223ms |       127.0.0.1 | POST     "/user/login"
[GIN] 2024/02/25 - 12:15:29 | 400 |    247.4281ms |       127.0.0.1 | GET      "/containers?server=1.94.9.77:2375"
[GIN] 2024/02/25 - 12:15:35 | 200 |    470.4032ms |       127.0.0.1 | POST     "/user/addServer"
[GIN] 2024/02/25 - 12:16:21 | 400 |   42.3473856s |       127.0.0.1 | GET      "/containers?server=1.94.9.77:2375"

2024/02/25 12:18:20 D:/project/goProject/ongoing_project/web/user/func.go:10
[29.018ms] [rows:-] SELECT DATABASE()

2024/02/25 12:18:20 D:/project/goProject/ongoing_project/web/user/func.go:10
[58.611ms] [rows:1] SELECT SCHEMA_NAME from Information_schema.SCHEMATA where SCHEMA_NAME LIKE 'web%' ORDER BY SCHEMA_NAME='web' DESC,SCHEMA_NAME limit 1

2024/02/25 12:18:20 D:/project/goProject/ongoing_project/web/user/func.go:10
[58.115ms] [rows:-] SELECT count(*) FROM information_schema.tables WHERE table_schema = 'web' AND table_name = 'users' AND table_type = 'BASE TABLE'

2024/02/25 12:18:20 D:/project/goProject/ongoing_project/web/user/func.go:10
[28.512ms] [rows:-] SELECT DATABASE()

2024/02/25 12:18:20 D:/project/goProject/ongoing_project/web/user/func.go:10
[58.668ms] [rows:1] SELECT SCHEMA_NAME from Information_schema.SCHEMATA where SCHEMA_NAME LIKE 'web%' ORDER BY SCHEMA_NAME='web' DESC,SCHEMA_NAME limit 1

2024/02/25 12:18:20 D:/project/goProject/ongoing_project/web/user/func.go:10
[57.520ms] [rows:-] SELECT * FROM `users` LIMIT 1

2024/02/25 12:18:20 D:/project/goProject/ongoing_project/web/user/func.go:10
[58.989ms] [rows:-] SELECT column_name, column_default, is_nullable = 'YES', data_type, character_maximum_length, column_type, column_key, extra, column_comment, numeric_precision, numeric_scale , datetime_precision FROM information_schema.columns WHERE table_schema = 'web' AND table_name = 'users' ORDER BY ORDINAL_POSITION

2024/02/25 12:18:20 D:/project/goProject/ongoing_project/web/user/func.go:10
[28.510ms] [rows:-] SELECT DATABASE()

2024/02/25 12:18:20 D:/project/goProject/ongoing_project/web/user/func.go:10
[58.012ms] [rows:1] SELECT SCHEMA_NAME from Information_schema.SCHEMATA where SCHEMA_NAME LIKE 'web%' ORDER BY SCHEMA_NAME='web' DESC,SCHEMA_NAME limit 1

2024/02/25 12:18:20 D:/project/goProject/ongoing_project/web/user/func.go:10
[57.520ms] [rows:-] SELECT count(*) FROM information_schema.statistics WHERE table_schema = 'web' AND table_name = 'users' AND index_name = 'idx_users_deleted_at'

2024/02/25 12:18:20 D:/project/goProject/ongoing_project/web/user/func.go:10
[28.009ms] [rows:-] SELECT DATABASE()

2024/02/25 12:18:20 D:/project/goProject/ongoing_project/web/user/func.go:10
[58.940ms] [rows:1] SELECT SCHEMA_NAME from Information_schema.SCHEMATA where SCHEMA_NAME LIKE 'web%' ORDER BY SCHEMA_NAME='web' DESC,SCHEMA_NAME limit 1

2024/02/25 12:18:20 D:/project/goProject/ongoing_project/web/user/func.go:10
[57.782ms] [rows:-] SELECT count(*) FROM information_schema.tables WHERE table_schema = 'web' AND table_name = 'servers' AND table_type = 'BASE TABLE'

2024/02/25 12:18:20 D:/project/goProject/ongoing_project/web/user/func.go:10
[28.510ms] [rows:-] SELECT DATABASE()

2024/02/25 12:18:20 D:/project/goProject/ongoing_project/web/user/func.go:10
[57.334ms] [rows:1] SELECT SCHEMA_NAME from Information_schema.SCHEMATA where SCHEMA_NAME LIKE 'web%' ORDER BY SCHEMA_NAME='web' DESC,SCHEMA_NAME limit 1

2024/02/25 12:18:21 D:/project/goProject/ongoing_project/web/user/func.go:10
[56.646ms] [rows:-] SELECT * FROM `servers` LIMIT 1

2024/02/25 12:18:21 D:/project/goProject/ongoing_project/web/user/func.go:10
[57.732ms] [rows:-] SELECT column_name, column_default, is_nullable = 'YES', data_type, character_maximum_length, column_type, column_key, extra, column_comment, numeric_precision, numeric_scale , datetime_precision FROM information_schema.columns WHERE table_schema = 'web' AND table_name = 'servers' ORDER BY ORDINAL_POSITION

2024/02/25 12:18:21 D:/project/goProject/ongoing_project/web/user/func.go:10
[28.511ms] [rows:-] SELECT DATABASE()

2024/02/25 12:18:21 D:/project/goProject/ongoing_project/web/user/func.go:10
[57.408ms] [rows:1] SELECT SCHEMA_NAME from Information_schema.SCHEMATA where SCHEMA_NAME LIKE 'web%' ORDER BY SCHEMA_NAME='web' DESC,SCHEMA_NAME limit 1

2024/02/25 12:18:21 D:/project/goProject/ongoing_project/web/user/func.go:10
[57.027ms] [rows:-] SELECT count(*) FROM INFORMATION_SCHEMA.table_constraints WHERE constraint_schema = 'web' AND table_name = 'servers' AND constraint_name = 'fk_servers_user'

2024/02/25 12:18:21 D:/project/goProject/ongoing_project/web/user/func.go:10
[28.017ms] [rows:-] SELECT DATABASE()

2024/02/25 12:18:21 D:/project/goProject/ongoing_project/web/user/func.go:10
[57.652ms] [rows:1] SELECT SCHEMA_NAME from Information_schema.SCHEMATA where SCHEMA_NAME LIKE 'web%' ORDER BY SCHEMA_NAME='web' DESC,SCHEMA_NAME limit 1

2024/02/25 12:18:21 D:/project/goProject/ongoing_project/web/user/func.go:10
[57.427ms] [rows:-] SELECT count(*) FROM information_schema.statistics WHERE table_schema = 'web' AND table_name = 'servers' AND index_name = 'idx_servers_deleted_at'
[GIN-debug] GET    /containers               --> web/web_server.containersList (4 handlers)
[GIN-debug] GET    /containers/all           --> web/web_server.containersListAll (4 handlers)
[GIN-debug] POST   /container/create         --> web/web_server.containerCreate (4 handlers)
[GIN-debug] POST   /container/start          --> web/web_server.containerStart (4 handlers)
[GIN-debug] POST   /container/stop           --> web/web_server.containerStop (4 handlers)
[GIN-debug] POST   /container/kill           --> web/web_server.containerKill (4 handlers)
[GIN-debug] POST   /container/remove         --> web/web_server.containerRemove (4 handlers)
[GIN-debug] POST   /container/search         --> web/web_server.containerSearch (4 handlers)
[GIN-debug] GET    /images                   --> web/web_server.imageList (4 handlers)
[GIN-debug] GET    /images/all               --> web/web_server.imageListAll (4 handlers)
[GIN-debug] POST   /image/buildByFile        --> web/web_server.imageBuildByFile (4 handlers)
[GIN-debug] POST   /image/tag/remove         --> web/web_server.imageTagRemove (4 handlers)
[GIN-debug] POST   /image/removeByID         --> web/web_server.imageRemoveByID (4 handlers)
[GIN-debug] POST   /image/tag/rename         --> web/web_server.imageTagRename (4 handlers)
[GIN-debug] POST   /images/search/repository --> web/web_server.imagesSearchRepository (4 handlers)
[GIN-debug] POST   /images/search/local      --> web/web_server.imagesSearchLocal (4 handlers)
[GIN-debug] POST   /image/addTag             --> web/web_server.imageAddTag (4 handlers)
[GIN-debug] POST   /images/export            --> web/web_server.imagesExport (4 handlers)
[GIN-debug] POST   /images/load              --> web/web_server.imagesLoad (4 handlers)
[GIN-debug] POST   /image/pull               --> web/web_server.imagePull (4 handlers)
[GIN-debug] POST   /image/push               --> web/web_server.imagePush (4 handlers)
[GIN-debug] POST   /repository/login         --> web/web_server.repositoryLogin (4 handlers)
[GIN-debug] POST   /repository/logout        --> web/web_server.repositoryLogout (4 handlers)
[GIN-debug] GET    /repositories/list        --> web/web_server.repositoriesList (4 handlers)
[GIN-debug] POST   /user/addServer           --> web/web_server.userAddServer (4 handlers)
[GIN-debug] POST   /user/removeServer        --> web/web_server.userRemoveServer (4 handlers)
[GIN-debug] POST   /user/login               --> web/web_server.userLogin (3 handlers)
[GIN-debug] POST   /user/register            --> web/web_server.userRegister (3 handlers)
[GIN-debug] [WARNING] You trusted all proxies, this is NOT safe. We recommend you to set a value.
Please check https://pkg.go.dev/github.com/gin-gonic/gin#readme-don-t-trust-all-proxies for details.
[GIN-debug] Listening and serving HTTP on :80
[GIN] 2024/02/25 - 12:19:03 | 400 |   32.5249661s |       127.0.0.1 | GET      "/containers?server=1.94.9.77:2375"
[GIN] 2024/02/25 - 12:20:01 | 400 |   28.8011826s |       127.0.0.1 | GET      "/containers?server=1.94.9.77:2375"

2024/02/25 12:21:22 D:/project/goProject/ongoing_project/web/user/func.go:10
[30.189ms] [rows:-] SELECT DATABASE()

2024/02/25 12:21:22 D:/project/goProject/ongoing_project/web/user/func.go:10
[62.101ms] [rows:1] SELECT SCHEMA_NAME from Information_schema.SCHEMATA where SCHEMA_NAME LIKE 'web%' ORDER BY SCHEMA_NAME='web' DESC,SCHEMA_NAME limit 1

2024/02/25 12:21:22 D:/project/goProject/ongoing_project/web/user/func.go:10
[61.594ms] [rows:-] SELECT count(*) FROM information_schema.tables WHERE table_schema = 'web' AND table_name = 'users' AND table_type = 'BASE TABLE'

2024/02/25 12:21:22 D:/project/goProject/ongoing_project/web/user/func.go:10
[29.511ms] [rows:-] SELECT DATABASE()

2024/02/25 12:21:22 D:/project/goProject/ongoing_project/web/user/func.go:10
[61.244ms] [rows:1] SELECT SCHEMA_NAME from Information_schema.SCHEMATA where SCHEMA_NAME LIKE 'web%' ORDER BY SCHEMA_NAME='web' DESC,SCHEMA_NAME limit 1

2024/02/25 12:21:22 D:/project/goProject/ongoing_project/web/user/func.go:10
[60.184ms] [rows:-] SELECT * FROM `users` LIMIT 1

2024/02/25 12:21:22 D:/project/goProject/ongoing_project/web/user/func.go:10
[61.561ms] [rows:-] SELECT column_name, column_default, is_nullable = 'YES', data_type, character_maximum_length, column_type, column_key, extra, column_comment, numeric_precision, numeric_scale , datetime_precision FROM information_schema.columns WHERE table_schema = 'web' AND table_name = 'users' ORDER BY ORDINAL_POSITION

2024/02/25 12:21:22 D:/project/goProject/ongoing_project/web/user/func.go:10
[30.511ms] [rows:-] SELECT DATABASE()

2024/02/25 12:21:22 D:/project/goProject/ongoing_project/web/user/func.go:10
[61.142ms] [rows:1] SELECT SCHEMA_NAME from Information_schema.SCHEMATA where SCHEMA_NAME LIKE 'web%' ORDER BY SCHEMA_NAME='web' DESC,SCHEMA_NAME limit 1

2024/02/25 12:21:22 D:/project/goProject/ongoing_project/web/user/func.go:10
[61.315ms] [rows:-] SELECT count(*) FROM information_schema.statistics WHERE table_schema = 'web' AND table_name = 'users' AND index_name = 'idx_users_deleted_at'

2024/02/25 12:21:22 D:/project/goProject/ongoing_project/web/user/func.go:10
[29.510ms] [rows:-] SELECT DATABASE()

2024/02/25 12:21:22 D:/project/goProject/ongoing_project/web/user/func.go:10
[60.590ms] [rows:1] SELECT SCHEMA_NAME from Information_schema.SCHEMATA where SCHEMA_NAME LIKE 'web%' ORDER BY SCHEMA_NAME='web' DESC,SCHEMA_NAME limit 1

2024/02/25 12:21:23 D:/project/goProject/ongoing_project/web/user/func.go:10
[60.291ms] [rows:-] SELECT count(*) FROM information_schema.tables WHERE table_schema = 'web' AND table_name = 'servers' AND table_type = 'BASE TABLE'

2024/02/25 12:21:23 D:/project/goProject/ongoing_project/web/user/func.go:10
[29.234ms] [rows:-] SELECT DATABASE()

2024/02/25 12:21:23 D:/project/goProject/ongoing_project/web/user/func.go:10
[60.831ms] [rows:1] SELECT SCHEMA_NAME from Information_schema.SCHEMATA where SCHEMA_NAME LIKE 'web%' ORDER BY SCHEMA_NAME='web' DESC,SCHEMA_NAME limit 1

2024/02/25 12:21:23 D:/project/goProject/ongoing_project/web/user/func.go:10
[59.928ms] [rows:-] SELECT * FROM `servers` LIMIT 1

2024/02/25 12:21:23 D:/project/goProject/ongoing_project/web/user/func.go:10
[61.886ms] [rows:-] SELECT column_name, column_default, is_nullable = 'YES', data_type, character_maximum_length, column_type, column_key, extra, column_comment, numeric_precision, numeric_scale , datetime_precision FROM information_schema.columns WHERE table_schema = 'web' AND table_name = 'servers' ORDER BY ORDINAL_POSITION

2024/02/25 12:21:23 D:/project/goProject/ongoing_project/web/user/func.go:10
[29.511ms] [rows:-] SELECT DATABASE()

2024/02/25 12:21:23 D:/project/goProject/ongoing_project/web/user/func.go:10
[59.833ms] [rows:1] SELECT SCHEMA_NAME from Information_schema.SCHEMATA where SCHEMA_NAME LIKE 'web%' ORDER BY SCHEMA_NAME='web' DESC,SCHEMA_NAME limit 1

2024/02/25 12:21:23 D:/project/goProject/ongoing_project/web/user/func.go:10
[60.020ms] [rows:-] SELECT count(*) FROM INFORMATION_SCHEMA.table_constraints WHERE constraint_schema = 'web' AND table_name = 'servers' AND constraint_name = 'fk_servers_user'

2024/02/25 12:21:23 D:/project/goProject/ongoing_project/web/user/func.go:10
[30.414ms] [rows:-] SELECT DATABASE()

2024/02/25 12:21:23 D:/project/goProject/ongoing_project/web/user/func.go:10
[60.721ms] [rows:1] SELECT SCHEMA_NAME from Information_schema.SCHEMATA where SCHEMA_NAME LIKE 'web%' ORDER BY SCHEMA_NAME='web' DESC,SCHEMA_NAME limit 1

2024/02/25 12:21:23 D:/project/goProject/ongoing_project/web/user/func.go:10
[60.050ms] [rows:-] SELECT count(*) FROM information_schema.statistics WHERE table_schema = 'web' AND table_name = 'servers' AND index_name = 'idx_servers_deleted_at'
[GIN-debug] GET    /containers               --> web/web_server.containersList (4 handlers)
[GIN-debug] GET    /containers/all           --> web/web_server.containersListAll (4 handlers)
[GIN-debug] POST   /container/create         --> web/web_server.containerCreate (4 handlers)
[GIN-debug] POST   /container/start          --> web/web_server.containerStart (4 handlers)
[GIN-debug] POST   /container/stop           --> web/web_server.containerStop (4 handlers)
[GIN-debug] POST   /container/kill           --> web/web_server.containerKill (4 handlers)
[GIN-debug] POST   /container/remove         --> web/web_server.containerRemove (4 handlers)
[GIN-debug] POST   /container/search         --> web/web_server.containerSearch (4 handlers)
[GIN-debug] GET    /images                   --> web/web_server.imageList (4 handlers)
[GIN-debug] GET    /images/all               --> web/web_server.imageListAll (4 handlers)
[GIN-debug] POST   /image/buildByFile        --> web/web_server.imageBuildByFile (4 handlers)
[GIN-debug] POST   /image/tag/remove         --> web/web_server.imageTagRemove (4 handlers)
[GIN-debug] POST   /image/removeByID         --> web/web_server.imageRemoveByID (4 handlers)
[GIN-debug] POST   /image/tag/rename         --> web/web_server.imageTagRename (4 handlers)
[GIN-debug] POST   /images/search/repository --> web/web_server.imagesSearchRepository (4 handlers)
[GIN-debug] POST   /images/search/local      --> web/web_server.imagesSearchLocal (4 handlers)
[GIN-debug] POST   /image/addTag             --> web/web_server.imageAddTag (4 handlers)
[GIN-debug] POST   /images/export            --> web/web_server.imagesExport (4 handlers)
[GIN-debug] POST   /images/load              --> web/web_server.imagesLoad (4 handlers)
[GIN-debug] POST   /image/pull               --> web/web_server.imagePull (4 handlers)
[GIN-debug] POST   /image/push               --> web/web_server.imagePush (4 handlers)
[GIN-debug] POST   /repository/login         --> web/web_server.repositoryLogin (4 handlers)
[GIN-debug] POST   /repository/logout        --> web/web_server.repositoryLogout (4 handlers)
[GIN-debug] GET    /repositories/list        --> web/web_server.repositoriesList (4 handlers)
[GIN-debug] POST   /user/addServer           --> web/web_server.userAddServer (4 handlers)
[GIN-debug] POST   /user/removeServer        --> web/web_server.userRemoveServer (4 handlers)
[GIN-debug] POST   /user/login               --> web/web_server.userLogin (3 handlers)
[GIN-debug] POST   /user/register            --> web/web_server.userRegister (3 handlers)
[GIN-debug] [WARNING] You trusted all proxies, this is NOT safe. We recommend you to set a value.
Please check https://pkg.go.dev/github.com/gin-gonic/gin#readme-don-t-trust-all-proxies for details.
[GIN-debug] Listening and serving HTTP on :80

2024/02/25 12:21:49 D:/project/goProject/ongoing_project/web/user/func.go:10
[30.288ms] [rows:-] SELECT DATABASE()

2024/02/25 12:21:49 D:/project/goProject/ongoing_project/web/user/func.go:10
[60.429ms] [rows:1] SELECT SCHEMA_NAME from Information_schema.SCHEMATA where SCHEMA_NAME LIKE 'web%' ORDER BY SCHEMA_NAME='web' DESC,SCHEMA_NAME limit 1

2024/02/25 12:21:49 D:/project/goProject/ongoing_project/web/user/func.go:10
[59.941ms] [rows:-] SELECT count(*) FROM information_schema.tables WHERE table_schema = 'web' AND table_name = 'users' AND table_type = 'BASE TABLE'

2024/02/25 12:21:49 D:/project/goProject/ongoing_project/web/user/func.go:10
[29.511ms] [rows:-] SELECT DATABASE()

2024/02/25 12:21:49 D:/project/goProject/ongoing_project/web/user/func.go:10
[59.942ms] [rows:1] SELECT SCHEMA_NAME from Information_schema.SCHEMATA where SCHEMA_NAME LIKE 'web%' ORDER BY SCHEMA_NAME='web' DESC,SCHEMA_NAME limit 1

2024/02/25 12:21:49 D:/project/goProject/ongoing_project/web/user/func.go:10
[59.373ms] [rows:-] SELECT * FROM `users` LIMIT 1

2024/02/25 12:21:49 D:/project/goProject/ongoing_project/web/user/func.go:10
[60.946ms] [rows:-] SELECT column_name, column_default, is_nullable = 'YES', data_type, character_maximum_length, column_type, column_key, extra, column_comment, numeric_precision, numeric_scale , datetime_precision FROM information_schema.columns WHERE table_schema = 'web' AND table_name = 'users' ORDER BY ORDINAL_POSITION

2024/02/25 12:21:49 D:/project/goProject/ongoing_project/web/user/func.go:10
[29.511ms] [rows:-] SELECT DATABASE()

2024/02/25 12:21:49 D:/project/goProject/ongoing_project/web/user/func.go:10
[59.991ms] [rows:1] SELECT SCHEMA_NAME from Information_schema.SCHEMATA where SCHEMA_NAME LIKE 'web%' ORDER BY SCHEMA_NAME='web' DESC,SCHEMA_NAME limit 1

2024/02/25 12:21:49 D:/project/goProject/ongoing_project/web/user/func.go:10
[59.580ms] [rows:-] SELECT count(*) FROM information_schema.statistics WHERE table_schema = 'web' AND table_name = 'users' AND index_name = 'idx_users_deleted_at'

2024/02/25 12:21:49 D:/project/goProject/ongoing_project/web/user/func.go:10
[28.882ms] [rows:-] SELECT DATABASE()

2024/02/25 12:21:50 D:/project/goProject/ongoing_project/web/user/func.go:10
[59.401ms] [rows:1] SELECT SCHEMA_NAME from Information_schema.SCHEMATA where SCHEMA_NAME LIKE 'web%' ORDER BY SCHEMA_NAME='web' DESC,SCHEMA_NAME limit 1

2024/02/25 12:21:50 D:/project/goProject/ongoing_project/web/user/func.go:10
[59.493ms] [rows:-] SELECT count(*) FROM information_schema.tables WHERE table_schema = 'web' AND table_name = 'servers' AND table_type = 'BASE TABLE'

2024/02/25 12:21:50 D:/project/goProject/ongoing_project/web/user/func.go:10
[28.512ms] [rows:-] SELECT DATABASE()

2024/02/25 12:21:50 D:/project/goProject/ongoing_project/web/user/func.go:10
[59.363ms] [rows:1] SELECT SCHEMA_NAME from Information_schema.SCHEMATA where SCHEMA_NAME LIKE 'web%' ORDER BY SCHEMA_NAME='web' DESC,SCHEMA_NAME limit 1

2024/02/25 12:21:50 D:/project/goProject/ongoing_project/web/user/func.go:10
[58.173ms] [rows:-] SELECT * FROM `servers` LIMIT 1

2024/02/25 12:21:50 D:/project/goProject/ongoing_project/web/user/func.go:10
[59.636ms] [rows:-] SELECT column_name, column_default, is_nullable = 'YES', data_type, character_maximum_length, column_type, column_key, extra, column_comment, numeric_precision, numeric_scale , datetime_precision FROM information_schema.columns WHERE table_schema = 'web' AND table_name = 'servers' ORDER BY ORDINAL_POSITION

2024/02/25 12:21:50 D:/project/goProject/ongoing_project/web/user/func.go:10
[29.511ms] [rows:-] SELECT DATABASE()

2024/02/25 12:21:50 D:/project/goProject/ongoing_project/web/user/func.go:10
[59.294ms] [rows:1] SELECT SCHEMA_NAME from Information_schema.SCHEMATA where SCHEMA_NAME LIKE 'web%' ORDER BY SCHEMA_NAME='web' DESC,SCHEMA_NAME limit 1

2024/02/25 12:21:50 D:/project/goProject/ongoing_project/web/user/func.go:10
[59.443ms] [rows:-] SELECT count(*) FROM INFORMATION_SCHEMA.table_constraints WHERE constraint_schema = 'web' AND table_name = 'servers' AND constraint_name = 'fk_servers_user'

2024/02/25 12:21:50 D:/project/goProject/ongoing_project/web/user/func.go:10
[28.512ms] [rows:-] SELECT DATABASE()

2024/02/25 12:21:50 D:/project/goProject/ongoing_project/web/user/func.go:10
[59.200ms] [rows:1] SELECT SCHEMA_NAME from Information_schema.SCHEMATA where SCHEMA_NAME LIKE 'web%' ORDER BY SCHEMA_NAME='web' DESC,SCHEMA_NAME limit 1

2024/02/25 12:21:50 D:/project/goProject/ongoing_project/web/user/func.go:10
[59.302ms] [rows:-] SELECT count(*) FROM information_schema.statistics WHERE table_schema = 'web' AND table_name = 'servers' AND index_name = 'idx_servers_deleted_at'
[GIN-debug] GET    /containers               --> web/web_server.containersList (4 handlers)
[GIN-debug] GET    /containers/all           --> web/web_server.containersListAll (4 handlers)
[GIN-debug] POST   /container/create         --> web/web_server.containerCreate (4 handlers)
[GIN-debug] POST   /container/start          --> web/web_server.containerStart (4 handlers)
[GIN-debug] POST   /container/stop           --> web/web_server.containerStop (4 handlers)
[GIN-debug] POST   /container/kill           --> web/web_server.containerKill (4 handlers)
[GIN-debug] POST   /container/remove         --> web/web_server.containerRemove (4 handlers)
[GIN-debug] POST   /container/search         --> web/web_server.containerSearch (4 handlers)
[GIN-debug] GET    /images                   --> web/web_server.imageList (4 handlers)
[GIN-debug] GET    /images/all               --> web/web_server.imageListAll (4 handlers)
[GIN-debug] POST   /image/buildByFile        --> web/web_server.imageBuildByFile (4 handlers)
[GIN-debug] POST   /image/tag/remove         --> web/web_server.imageTagRemove (4 handlers)
[GIN-debug] POST   /image/removeByID         --> web/web_server.imageRemoveByID (4 handlers)
[GIN-debug] POST   /image/tag/rename         --> web/web_server.imageTagRename (4 handlers)
[GIN-debug] POST   /images/search/repository --> web/web_server.imagesSearchRepository (4 handlers)
[GIN-debug] POST   /images/search/local      --> web/web_server.imagesSearchLocal (4 handlers)
[GIN-debug] POST   /image/addTag             --> web/web_server.imageAddTag (4 handlers)
[GIN-debug] POST   /images/export            --> web/web_server.imagesExport (4 handlers)
[GIN-debug] POST   /images/load              --> web/web_server.imagesLoad (4 handlers)
[GIN-debug] POST   /image/pull               --> web/web_server.imagePull (4 handlers)
[GIN-debug] POST   /image/push               --> web/web_server.imagePush (4 handlers)
[GIN-debug] POST   /repository/login         --> web/web_server.repositoryLogin (4 handlers)
[GIN-debug] POST   /repository/logout        --> web/web_server.repositoryLogout (4 handlers)
[GIN-debug] GET    /repositories/list        --> web/web_server.repositoriesList (4 handlers)
[GIN-debug] POST   /user/addServer           --> web/web_server.userAddServer (4 handlers)
[GIN-debug] POST   /user/removeServer        --> web/web_server.userRemoveServer (4 handlers)
[GIN-debug] POST   /user/login               --> web/web_server.userLogin (3 handlers)
[GIN-debug] POST   /user/register            --> web/web_server.userRegister (3 handlers)
[GIN-debug] [WARNING] You trusted all proxies, this is NOT safe. We recommend you to set a value.
Please check https://pkg.go.dev/github.com/gin-gonic/gin#readme-don-t-trust-all-proxies for details.
[GIN-debug] Listening and serving HTTP on :80
[GIN] 2024/02/25 - 12:22:13 | 400 |   21.3136151s |       127.0.0.1 | GET      "/containers?server=1.94.9.77:2375"
