
2024/03/31 22:48:49 D:/project/goProject/ongoing_project/web/dao/db.go:9
[0.500ms] [rows:-] SELECT DATABASE()

2024/03/31 22:48:49 D:/project/goProject/ongoing_project/web/dao/db.go:9
[2.500ms] [rows:1] SELECT SCHEMA_NAME from Information_schema.SCHEMATA where SCHEMA_NAME LIKE 'web%' ORDER BY SCHEMA_NAME='web' DESC,SCHEMA_NAME limit 1

2024/03/31 22:48:49 D:/project/goProject/ongoing_project/web/dao/db.go:9
[1.500ms] [rows:-] SELECT count(*) FROM information_schema.tables WHERE table_schema = 'web' AND table_name = 'users' AND table_type = 'BASE TABLE'

2024/03/31 22:48:49 D:/project/goProject/ongoing_project/web/dao/db.go:9
[0.000ms] [rows:-] SELECT DATABASE()

2024/03/31 22:48:49 D:/project/goProject/ongoing_project/web/dao/db.go:9
[0.501ms] [rows:1] SELECT SCHEMA_NAME from Information_schema.SCHEMATA where SCHEMA_NAME LIKE 'web%' ORDER BY SCHEMA_NAME='web' DESC,SCHEMA_NAME limit 1

2024/03/31 22:48:49 D:/project/goProject/ongoing_project/web/dao/db.go:9
[0.500ms] [rows:-] SELECT * FROM `users` LIMIT 1

2024/03/31 22:48:49 D:/project/goProject/ongoing_project/web/dao/db.go:9
[2.500ms] [rows:-] SELECT column_name, column_default, is_nullable = 'YES', data_type, character_maximum_length, column_type, column_key, extra, column_comment, numeric_precision, numeric_scale , datetime_precision FROM information_schema.columns WHERE table_schema = 'web' AND table_name = 'users' ORDER BY ORDINAL_POSITION

2024/03/31 22:48:49 
[0.500ms] [rows:-] SELECT DATABASE()

2024/03/31 22:48:49 
[0.501ms] [rows:1] SELECT SCHEMA_NAME from Information_schema.SCHEMATA where SCHEMA_NAME LIKE 'web%' ORDER BY SCHEMA_NAME='web' DESC,SCHEMA_NAME limit 1

2024/03/31 22:48:49 D:/project/goProject/ongoing_project/web/dao/db.go:9
[1.500ms] [rows:3] 
SELECT
	TABLE_NAME,
	COLUMN_NAME,
	INDEX_NAME,
	NON_UNIQUE 
FROM
	information_schema.STATISTICS 
WHERE
	TABLE_SCHEMA = 'web' 
	AND TABLE_NAME = 'users' 
ORDER BY
	INDEX_NAME,
	SEQ_IN_INDEX

2024/03/31 22:48:49 
[0.000ms] [rows:-] SELECT DATABASE()

2024/03/31 22:48:49 
[0.480ms] [rows:1] SELECT SCHEMA_NAME from Information_schema.SCHEMATA where SCHEMA_NAME LIKE 'web%' ORDER BY SCHEMA_NAME='web' DESC,SCHEMA_NAME limit 1

2024/03/31 22:48:49 
[1.001ms] [rows:-] SELECT count(*) FROM INFORMATION_SCHEMA.table_constraints WHERE constraint_schema = 'web' AND table_name = 'users' AND constraint_name = 'uni_users_username'

2024/03/31 22:48:49 D:/project/goProject/ongoing_project/web/dao/db.go:9
[0.000ms] [rows:-] SELECT DATABASE()

2024/03/31 22:48:49 D:/project/goProject/ongoing_project/web/dao/db.go:9
[0.463ms] [rows:1] SELECT SCHEMA_NAME from Information_schema.SCHEMATA where SCHEMA_NAME LIKE 'web%' ORDER BY SCHEMA_NAME='web' DESC,SCHEMA_NAME limit 1

2024/03/31 22:48:49 D:/project/goProject/ongoing_project/web/dao/db.go:9
[1.000ms] [rows:-] SELECT count(*) FROM information_schema.statistics WHERE table_schema = 'web' AND table_name = 'users' AND index_name = 'idx_users_deleted_at'

2024/03/31 22:48:49 D:/project/goProject/ongoing_project/web/dao/db.go:9
[0.500ms] [rows:-] SELECT DATABASE()

2024/03/31 22:48:49 D:/project/goProject/ongoing_project/web/dao/db.go:9
[0.000ms] [rows:1] SELECT SCHEMA_NAME from Information_schema.SCHEMATA where SCHEMA_NAME LIKE 'web%' ORDER BY SCHEMA_NAME='web' DESC,SCHEMA_NAME limit 1

2024/03/31 22:48:49 D:/project/goProject/ongoing_project/web/dao/db.go:9
[1.000ms] [rows:-] SELECT count(*) FROM information_schema.tables WHERE table_schema = 'web' AND table_name = 'servers' AND table_type = 'BASE TABLE'

2024/03/31 22:48:49 D:/project/goProject/ongoing_project/web/dao/db.go:9
[0.000ms] [rows:-] SELECT DATABASE()

2024/03/31 22:48:49 D:/project/goProject/ongoing_project/web/dao/db.go:9
[0.500ms] [rows:1] SELECT SCHEMA_NAME from Information_schema.SCHEMATA where SCHEMA_NAME LIKE 'web%' ORDER BY SCHEMA_NAME='web' DESC,SCHEMA_NAME limit 1

2024/03/31 22:48:49 D:/project/goProject/ongoing_project/web/dao/db.go:9
[2.501ms] [rows:-] SELECT * FROM `servers` LIMIT 1

2024/03/31 22:48:49 D:/project/goProject/ongoing_project/web/dao/db.go:9
[1.000ms] [rows:-] SELECT column_name, column_default, is_nullable = 'YES', data_type, character_maximum_length, column_type, column_key, extra, column_comment, numeric_precision, numeric_scale , datetime_precision FROM information_schema.columns WHERE table_schema = 'web' AND table_name = 'servers' ORDER BY ORDINAL_POSITION

2024/03/31 22:48:49 D:/project/goProject/ongoing_project/web/dao/db.go:9
[0.500ms] [rows:-] SELECT DATABASE()

2024/03/31 22:48:49 D:/project/goProject/ongoing_project/web/dao/db.go:9
[0.331ms] [rows:1] SELECT SCHEMA_NAME from Information_schema.SCHEMATA where SCHEMA_NAME LIKE 'web%' ORDER BY SCHEMA_NAME='web' DESC,SCHEMA_NAME limit 1

2024/03/31 22:48:49 D:/project/goProject/ongoing_project/web/dao/db.go:9
[0.316ms] [rows:-] SELECT count(*) FROM INFORMATION_SCHEMA.table_constraints WHERE constraint_schema = 'web' AND table_name = 'servers' AND constraint_name = 'fk_servers_user'

2024/03/31 22:48:49 D:/project/goProject/ongoing_project/web/dao/db.go:9
[0.500ms] [rows:-] SELECT DATABASE()

2024/03/31 22:48:49 D:/project/goProject/ongoing_project/web/dao/db.go:9
[0.500ms] [rows:1] SELECT SCHEMA_NAME from Information_schema.SCHEMATA where SCHEMA_NAME LIKE 'web%' ORDER BY SCHEMA_NAME='web' DESC,SCHEMA_NAME limit 1

2024/03/31 22:48:49 D:/project/goProject/ongoing_project/web/dao/db.go:9
[1.005ms] [rows:-] SELECT count(*) FROM information_schema.statistics WHERE table_schema = 'web' AND table_name = 'servers' AND index_name = 'idx_servers_deleted_at'

2024/03/31 22:48:49 D:/project/goProject/ongoing_project/web/dao/db.go:9
[0.000ms] [rows:-] SELECT DATABASE()

2024/03/31 22:48:49 D:/project/goProject/ongoing_project/web/dao/db.go:9
[0.406ms] [rows:1] SELECT SCHEMA_NAME from Information_schema.SCHEMATA where SCHEMA_NAME LIKE 'web%' ORDER BY SCHEMA_NAME='web' DESC,SCHEMA_NAME limit 1

2024/03/31 22:48:49 D:/project/goProject/ongoing_project/web/dao/db.go:9
[0.549ms] [rows:-] SELECT count(*) FROM information_schema.tables WHERE table_schema = 'web' AND table_name = 'repositories' AND table_type = 'BASE TABLE'

2024/03/31 22:48:49 D:/project/goProject/ongoing_project/web/dao/db.go:9
[0.000ms] [rows:-] SELECT DATABASE()

2024/03/31 22:48:49 D:/project/goProject/ongoing_project/web/dao/db.go:9
[0.500ms] [rows:1] SELECT SCHEMA_NAME from Information_schema.SCHEMATA where SCHEMA_NAME LIKE 'web%' ORDER BY SCHEMA_NAME='web' DESC,SCHEMA_NAME limit 1

2024/03/31 22:48:49 D:/project/goProject/ongoing_project/web/dao/db.go:9
[1.501ms] [rows:-] SELECT * FROM `repositories` LIMIT 1

2024/03/31 22:48:49 D:/project/goProject/ongoing_project/web/dao/db.go:9
[0.500ms] [rows:-] SELECT column_name, column_default, is_nullable = 'YES', data_type, character_maximum_length, column_type, column_key, extra, column_comment, numeric_precision, numeric_scale , datetime_precision FROM information_schema.columns WHERE table_schema = 'web' AND table_name = 'repositories' ORDER BY ORDINAL_POSITION

2024/03/31 22:48:49 D:/project/goProject/ongoing_project/web/dao/db.go:9
[0.000ms] [rows:-] SELECT DATABASE()

2024/03/31 22:48:49 D:/project/goProject/ongoing_project/web/dao/db.go:9
[0.501ms] [rows:1] SELECT SCHEMA_NAME from Information_schema.SCHEMATA where SCHEMA_NAME LIKE 'web%' ORDER BY SCHEMA_NAME='web' DESC,SCHEMA_NAME limit 1

2024/03/31 22:48:49 D:/project/goProject/ongoing_project/web/dao/db.go:9
[0.999ms] [rows:-] SELECT count(*) FROM INFORMATION_SCHEMA.table_constraints WHERE constraint_schema = 'web' AND table_name = 'repositories' AND constraint_name = 'fk_repositories_user'

2024/03/31 22:48:49 D:/project/goProject/ongoing_project/web/dao/db.go:9
[0.000ms] [rows:-] SELECT DATABASE()

2024/03/31 22:48:49 D:/project/goProject/ongoing_project/web/dao/db.go:9
[0.499ms] [rows:1] SELECT SCHEMA_NAME from Information_schema.SCHEMATA where SCHEMA_NAME LIKE 'web%' ORDER BY SCHEMA_NAME='web' DESC,SCHEMA_NAME limit 1

2024/03/31 22:48:49 D:/project/goProject/ongoing_project/web/dao/db.go:9
[0.500ms] [rows:-] SELECT count(*) FROM information_schema.statistics WHERE table_schema = 'web' AND table_name = 'repositories' AND index_name = 'idx_repoUsername_userID'

2024/03/31 22:48:49 D:/project/goProject/ongoing_project/web/dao/db.go:9
[0.500ms] [rows:-] SELECT DATABASE()

2024/03/31 22:48:49 D:/project/goProject/ongoing_project/web/dao/db.go:9
[0.000ms] [rows:1] SELECT SCHEMA_NAME from Information_schema.SCHEMATA where SCHEMA_NAME LIKE 'web%' ORDER BY SCHEMA_NAME='web' DESC,SCHEMA_NAME limit 1

2024/03/31 22:48:49 D:/project/goProject/ongoing_project/web/dao/db.go:9
[0.500ms] [rows:-] SELECT count(*) FROM information_schema.statistics WHERE table_schema = 'web' AND table_name = 'repositories' AND index_name = 'idx_repositories_deleted_at'

2024/03/31 22:49:25 D:/project/goProject/ongoing_project/web/dao/db.go:18
[1.528ms] [rows:1] SELECT * FROM `users` WHERE username = 'root' AND `users`.`deleted_at` IS NULL ORDER BY `users`.`id` LIMIT 1
