
2024/03/08 23:02:14 D:/project/goProject/ongoing_project/web/dao/init.go:28
[error] failed to initialize database, got error dial tcp 1.94.9.77:1763: i/o timeout

2024/03/08 23:02:24 D:/project/goProject/ongoing_project/web/dao/db.go:9
[28.505ms] [rows:-] SELECT DATABASE()

2024/03/08 23:02:24 D:/project/goProject/ongoing_project/web/dao/db.go:9
[59.511ms] [rows:1] SELECT SCHEMA_NAME from Information_schema.SCHEMATA where SCHEMA_NAME LIKE 'web%' ORDER BY SCHEMA_NAME='web' DESC,SCHEMA_NAME limit 1

2024/03/08 23:02:24 D:/project/goProject/ongoing_project/web/dao/db.go:9
[58.511ms] [rows:-] SELECT count(*) FROM information_schema.tables WHERE table_schema = 'web' AND table_name = 'users' AND table_type = 'BASE TABLE'

2024/03/08 23:02:24 D:/project/goProject/ongoing_project/web/dao/db.go:9
[264.957ms] [rows:-] SELECT DATABASE()

2024/03/08 23:02:24 D:/project/goProject/ongoing_project/web/dao/db.go:9
[58.510ms] [rows:1] SELECT SCHEMA_NAME from Information_schema.SCHEMATA where SCHEMA_NAME LIKE 'web%' ORDER BY SCHEMA_NAME='web' DESC,SCHEMA_NAME limit 1

2024/03/08 23:02:24 D:/project/goProject/ongoing_project/web/dao/db.go:9
[58.510ms] [rows:-] SELECT * FROM `users` LIMIT 1

2024/03/08 23:02:24 D:/project/goProject/ongoing_project/web/dao/db.go:9
[57.510ms] [rows:-] SELECT column_name, column_default, is_nullable = 'YES', data_type, character_maximum_length, column_type, column_key, extra, column_comment, numeric_precision, numeric_scale , datetime_precision FROM information_schema.columns WHERE table_schema = 'web' AND table_name = 'users' ORDER BY ORDINAL_POSITION

2024/03/08 23:02:24 D:/project/goProject/ongoing_project/web/dao/db.go:9
[28.989ms] [rows:-] SELECT DATABASE()

2024/03/08 23:02:25 D:/project/goProject/ongoing_project/web/dao/db.go:9
[58.152ms] [rows:1] SELECT SCHEMA_NAME from Information_schema.SCHEMATA where SCHEMA_NAME LIKE 'web%' ORDER BY SCHEMA_NAME='web' DESC,SCHEMA_NAME limit 1

2024/03/08 23:02:25 D:/project/goProject/ongoing_project/web/dao/db.go:9
[293.053ms] [rows:-] SELECT count(*) FROM information_schema.statistics WHERE table_schema = 'web' AND table_name = 'users' AND index_name = 'idx_users_deleted_at'

2024/03/08 23:02:25 D:/project/goProject/ongoing_project/web/dao/db.go:9
[29.506ms] [rows:-] SELECT DATABASE()

2024/03/08 23:02:25 D:/project/goProject/ongoing_project/web/dao/db.go:9
[57.184ms] [rows:1] SELECT SCHEMA_NAME from Information_schema.SCHEMATA where SCHEMA_NAME LIKE 'web%' ORDER BY SCHEMA_NAME='web' DESC,SCHEMA_NAME limit 1

2024/03/08 23:02:25 D:/project/goProject/ongoing_project/web/dao/db.go:9
[58.010ms] [rows:-] SELECT count(*) FROM information_schema.tables WHERE table_schema = 'web' AND table_name = 'servers' AND table_type = 'BASE TABLE'

2024/03/08 23:02:25 D:/project/goProject/ongoing_project/web/dao/db.go:9
[27.201ms] [rows:-] SELECT DATABASE()

2024/03/08 23:02:25 D:/project/goProject/ongoing_project/web/dao/db.go:9
[58.262ms] [rows:1] SELECT SCHEMA_NAME from Information_schema.SCHEMATA where SCHEMA_NAME LIKE 'web%' ORDER BY SCHEMA_NAME='web' DESC,SCHEMA_NAME limit 1

2024/03/08 23:02:25 D:/project/goProject/ongoing_project/web/dao/db.go:9
[57.947ms] [rows:-] SELECT * FROM `servers` LIMIT 1

2024/03/08 23:02:25 D:/project/goProject/ongoing_project/web/dao/db.go:9
[58.101ms] [rows:-] SELECT column_name, column_default, is_nullable = 'YES', data_type, character_maximum_length, column_type, column_key, extra, column_comment, numeric_precision, numeric_scale , datetime_precision FROM information_schema.columns WHERE table_schema = 'web' AND table_name = 'servers' ORDER BY ORDINAL_POSITION

2024/03/08 23:02:25 D:/project/goProject/ongoing_project/web/dao/db.go:9
[29.052ms] [rows:-] SELECT DATABASE()

2024/03/08 23:02:25 D:/project/goProject/ongoing_project/web/dao/db.go:9
[56.282ms] [rows:1] SELECT SCHEMA_NAME from Information_schema.SCHEMATA where SCHEMA_NAME LIKE 'web%' ORDER BY SCHEMA_NAME='web' DESC,SCHEMA_NAME limit 1

2024/03/08 23:02:25 D:/project/goProject/ongoing_project/web/dao/db.go:9
[57.010ms] [rows:-] SELECT count(*) FROM INFORMATION_SCHEMA.table_constraints WHERE constraint_schema = 'web' AND table_name = 'servers' AND constraint_name = 'fk_servers_user'

2024/03/08 23:02:25 D:/project/goProject/ongoing_project/web/dao/db.go:9
[28.504ms] [rows:-] SELECT DATABASE()

2024/03/08 23:02:25 D:/project/goProject/ongoing_project/web/dao/db.go:9
[56.694ms] [rows:1] SELECT SCHEMA_NAME from Information_schema.SCHEMATA where SCHEMA_NAME LIKE 'web%' ORDER BY SCHEMA_NAME='web' DESC,SCHEMA_NAME limit 1

2024/03/08 23:02:25 D:/project/goProject/ongoing_project/web/dao/db.go:9
[58.510ms] [rows:-] SELECT count(*) FROM information_schema.statistics WHERE table_schema = 'web' AND table_name = 'servers' AND index_name = 'idx_servers_deleted_at'
[GIN-debug] GET    /containers               --> web/web_server.containersList (5 handlers)
[GIN-debug] GET    /containers/all           --> web/web_server.containersListAll (5 handlers)
[GIN-debug] POST   /container/create         --> web/web_server.containerCreate (5 handlers)
[GIN-debug] POST   /container/start          --> web/web_server.containerStart (5 handlers)
[GIN-debug] POST   /container/stop           --> web/web_server.containerStop (5 handlers)
[GIN-debug] POST   /container/kill           --> web/web_server.containerKill (5 handlers)
[GIN-debug] POST   /container/remove         --> web/web_server.containerRemove (5 handlers)
[GIN-debug] POST   /container/search         --> web/web_server.containerSearch (5 handlers)
[GIN-debug] GET    /images                   --> web/web_server.imageList (5 handlers)
[GIN-debug] GET    /images/all               --> web/web_server.imageListAll (5 handlers)
[GIN-debug] POST   /image/buildByFile        --> web/web_server.imageBuildByFile (5 handlers)
[GIN-debug] POST   /image/tag/remove         --> web/web_server.imageTagRemove (5 handlers)
[GIN-debug] POST   /image/removeByID         --> web/web_server.imageRemoveByID (5 handlers)
[GIN-debug] POST   /image/tag/rename         --> web/web_server.imageTagRename (5 handlers)
[GIN-debug] POST   /images/search/repository --> web/web_server.imagesSearchRepository (5 handlers)
[GIN-debug] POST   /images/search/local      --> web/web_server.imagesSearchLocal (5 handlers)
[GIN-debug] POST   /image/addTag             --> web/web_server.imageAddTag (5 handlers)
[GIN-debug] POST   /images/export            --> web/web_server.imagesExport (5 handlers)
[GIN-debug] POST   /images/load              --> web/web_server.imagesLoad (5 handlers)
[GIN-debug] POST   /image/pull               --> web/web_server.imagePull (5 handlers)
[GIN-debug] POST   /image/push               --> web/web_server.imagePush (5 handlers)
[GIN-debug] POST   /repository/login         --> web/web_server.repositoryLogin (5 handlers)
[GIN-debug] POST   /repository/logout        --> web/web_server.repositoryLogout (5 handlers)
[GIN-debug] GET    /repositories/list        --> web/web_server.repositoriesList (5 handlers)
[GIN-debug] POST   /user/addServer           --> web/web_server.userAddServer (4 handlers)
[GIN-debug] POST   /user/removeServer        --> web/web_server.userRemoveServer (4 handlers)
[GIN-debug] GET    /user/listAllServer       --> web/web_server.userListAllServer (4 handlers)
[GIN-debug] POST   /user/login               --> web/web_server.userLogin (3 handlers)
[GIN-debug] POST   /user/register            --> web/web_server.userRegister (3 handlers)
[GIN-debug] [WARNING] You trusted all proxies, this is NOT safe. We recommend you to set a value.
Please check https://pkg.go.dev/github.com/gin-gonic/gin#readme-don-t-trust-all-proxies for details.
[GIN-debug] Listening and serving HTTP on :80
[GIN] 2024/03/08 - 23:02:39 | 400 |            0s |       127.0.0.1 | GET      "/user/listAllServer"

2024/03/08 23:02:52 D:/project/goProject/ongoing_project/web/dao/db.go:18
[58.731ms] [rows:1] SELECT * FROM `users` WHERE username = 'root' AND `users`.`deleted_at` IS NULL ORDER BY `users`.`id` LIMIT 1
[GIN] 2024/03/08 - 23:02:52 | 200 |    117.0209ms |       127.0.0.1 | POST     "/user/login"

2024/03/08 23:03:44 D:/project/goProject/ongoing_project/web/dao/db.go:86
[59.011ms] [rows:1] SELECT * FROM `users` WHERE username = 'root' AND `users`.`deleted_at` IS NULL ORDER BY `users`.`id` LIMIT 1

2024/03/08 23:03:44 D:/project/goProject/ongoing_project/web/dao/db.go:92
[292.552ms] [rows:2] SELECT * FROM `servers` WHERE user_id = 1 AND `servers`.`deleted_at` IS NULL
[GIN] 2024/03/08 - 23:03:44 | 200 |    470.0842ms |       127.0.0.1 | GET      "/user/listAllServer"

2024/03/08 23:10:55 D:/project/goProject/ongoing_project/web/dao/db.go:9
[30.005ms] [rows:-] SELECT DATABASE()

2024/03/08 23:10:55 D:/project/goProject/ongoing_project/web/dao/db.go:9
[60.511ms] [rows:1] SELECT SCHEMA_NAME from Information_schema.SCHEMATA where SCHEMA_NAME LIKE 'web%' ORDER BY SCHEMA_NAME='web' DESC,SCHEMA_NAME limit 1

2024/03/08 23:10:55 D:/project/goProject/ongoing_project/web/dao/db.go:9
[62.011ms] [rows:-] SELECT count(*) FROM information_schema.tables WHERE table_schema = 'web' AND table_name = 'users' AND table_type = 'BASE TABLE'

2024/03/08 23:10:55 D:/project/goProject/ongoing_project/web/dao/db.go:9
[30.810ms] [rows:-] SELECT DATABASE()

2024/03/08 23:10:55 D:/project/goProject/ongoing_project/web/dao/db.go:9
[62.130ms] [rows:1] SELECT SCHEMA_NAME from Information_schema.SCHEMATA where SCHEMA_NAME LIKE 'web%' ORDER BY SCHEMA_NAME='web' DESC,SCHEMA_NAME limit 1

2024/03/08 23:10:55 D:/project/goProject/ongoing_project/web/dao/db.go:9
[58.722ms] [rows:-] SELECT * FROM `users` LIMIT 1

2024/03/08 23:10:55 D:/project/goProject/ongoing_project/web/dao/db.go:9
[58.929ms] [rows:-] SELECT column_name, column_default, is_nullable = 'YES', data_type, character_maximum_length, column_type, column_key, extra, column_comment, numeric_precision, numeric_scale , datetime_precision FROM information_schema.columns WHERE table_schema = 'web' AND table_name = 'users' ORDER BY ORDINAL_POSITION

2024/03/08 23:10:55 D:/project/goProject/ongoing_project/web/dao/db.go:9
[30.480ms] [rows:-] SELECT DATABASE()

2024/03/08 23:10:55 D:/project/goProject/ongoing_project/web/dao/db.go:9
[61.080ms] [rows:1] SELECT SCHEMA_NAME from Information_schema.SCHEMATA where SCHEMA_NAME LIKE 'web%' ORDER BY SCHEMA_NAME='web' DESC,SCHEMA_NAME limit 1

2024/03/08 23:10:55 D:/project/goProject/ongoing_project/web/dao/db.go:9
[60.624ms] [rows:-] SELECT count(*) FROM information_schema.statistics WHERE table_schema = 'web' AND table_name = 'users' AND index_name = 'idx_users_deleted_at'

2024/03/08 23:10:55 D:/project/goProject/ongoing_project/web/dao/db.go:9
[28.504ms] [rows:-] SELECT DATABASE()

2024/03/08 23:10:55 D:/project/goProject/ongoing_project/web/dao/db.go:9
[59.699ms] [rows:1] SELECT SCHEMA_NAME from Information_schema.SCHEMATA where SCHEMA_NAME LIKE 'web%' ORDER BY SCHEMA_NAME='web' DESC,SCHEMA_NAME limit 1

2024/03/08 23:10:55 D:/project/goProject/ongoing_project/web/dao/db.go:9
[60.511ms] [rows:-] SELECT count(*) FROM information_schema.tables WHERE table_schema = 'web' AND table_name = 'servers' AND table_type = 'BASE TABLE'

2024/03/08 23:10:55 D:/project/goProject/ongoing_project/web/dao/db.go:9
[31.005ms] [rows:-] SELECT DATABASE()

2024/03/08 23:10:55 D:/project/goProject/ongoing_project/web/dao/db.go:9
[60.511ms] [rows:1] SELECT SCHEMA_NAME from Information_schema.SCHEMATA where SCHEMA_NAME LIKE 'web%' ORDER BY SCHEMA_NAME='web' DESC,SCHEMA_NAME limit 1

2024/03/08 23:10:55 D:/project/goProject/ongoing_project/web/dao/db.go:9
[61.011ms] [rows:-] SELECT * FROM `servers` LIMIT 1

2024/03/08 23:10:55 D:/project/goProject/ongoing_project/web/dao/db.go:9
[59.511ms] [rows:-] SELECT column_name, column_default, is_nullable = 'YES', data_type, character_maximum_length, column_type, column_key, extra, column_comment, numeric_precision, numeric_scale , datetime_precision FROM information_schema.columns WHERE table_schema = 'web' AND table_name = 'servers' ORDER BY ORDINAL_POSITION

2024/03/08 23:10:55 D:/project/goProject/ongoing_project/web/dao/db.go:9
[30.350ms] [rows:-] SELECT DATABASE()

2024/03/08 23:10:56 D:/project/goProject/ongoing_project/web/dao/db.go:9
[58.863ms] [rows:1] SELECT SCHEMA_NAME from Information_schema.SCHEMATA where SCHEMA_NAME LIKE 'web%' ORDER BY SCHEMA_NAME='web' DESC,SCHEMA_NAME limit 1

2024/03/08 23:10:56 D:/project/goProject/ongoing_project/web/dao/db.go:9
[61.011ms] [rows:-] SELECT count(*) FROM INFORMATION_SCHEMA.table_constraints WHERE constraint_schema = 'web' AND table_name = 'servers' AND constraint_name = 'fk_servers_user'

2024/03/08 23:10:56 D:/project/goProject/ongoing_project/web/dao/db.go:9
[28.878ms] [rows:-] SELECT DATABASE()

2024/03/08 23:10:56 D:/project/goProject/ongoing_project/web/dao/db.go:9
[58.465ms] [rows:1] SELECT SCHEMA_NAME from Information_schema.SCHEMATA where SCHEMA_NAME LIKE 'web%' ORDER BY SCHEMA_NAME='web' DESC,SCHEMA_NAME limit 1

2024/03/08 23:10:56 D:/project/goProject/ongoing_project/web/dao/db.go:9
[61.441ms] [rows:-] SELECT count(*) FROM information_schema.statistics WHERE table_schema = 'web' AND table_name = 'servers' AND index_name = 'idx_servers_deleted_at'

2024/03/08 23:10:56 D:/project/goProject/ongoing_project/web/dao/db.go:9
[28.505ms] [rows:-] SELECT DATABASE()

2024/03/08 23:10:56 D:/project/goProject/ongoing_project/web/dao/db.go:9
[58.326ms] [rows:1] SELECT SCHEMA_NAME from Information_schema.SCHEMATA where SCHEMA_NAME LIKE 'web%' ORDER BY SCHEMA_NAME='web' DESC,SCHEMA_NAME limit 1

2024/03/08 23:10:56 D:/project/goProject/ongoing_project/web/dao/db.go:9
[57.996ms] [rows:-] SELECT count(*) FROM information_schema.tables WHERE table_schema = 'web' AND table_name = 'repositories' AND table_type = 'BASE TABLE'

2024/03/08 23:10:57 D:/project/goProject/ongoing_project/web/dao/db.go:9
[843.150ms] [rows:0] CREATE TABLE `repositories` (`id` bigint unsigned AUTO_INCREMENT,`created_at` datetime(3) NULL,`updated_at` datetime(3) NULL,`deleted_at` datetime(3) NULL,`username` longtext,`password` longtext,`user_id` bigint unsigned,PRIMARY KEY (`id`),INDEX `idx_repositories_deleted_at` (`deleted_at`),CONSTRAINT `fk_repositories_user` FOREIGN KEY (`user_id`) REFERENCES `users`(`id`))
[GIN-debug] GET    /containers               --> web/web_server.containersList (5 handlers)
[GIN-debug] GET    /containers/all           --> web/web_server.containersListAll (5 handlers)
[GIN-debug] POST   /container/create         --> web/web_server.containerCreate (5 handlers)
[GIN-debug] POST   /container/start          --> web/web_server.containerStart (5 handlers)
[GIN-debug] POST   /container/stop           --> web/web_server.containerStop (5 handlers)
[GIN-debug] POST   /container/kill           --> web/web_server.containerKill (5 handlers)
[GIN-debug] POST   /container/remove         --> web/web_server.containerRemove (5 handlers)
[GIN-debug] POST   /container/search         --> web/web_server.containerSearch (5 handlers)
[GIN-debug] GET    /images                   --> web/web_server.imageList (5 handlers)
[GIN-debug] GET    /images/all               --> web/web_server.imageListAll (5 handlers)
[GIN-debug] POST   /image/buildByFile        --> web/web_server.imageBuildByFile (5 handlers)
[GIN-debug] POST   /image/tag/remove         --> web/web_server.imageTagRemove (5 handlers)
[GIN-debug] POST   /image/removeByID         --> web/web_server.imageRemoveByID (5 handlers)
[GIN-debug] POST   /image/tag/rename         --> web/web_server.imageTagRename (5 handlers)
[GIN-debug] POST   /images/search/repository --> web/web_server.imagesSearchRepository (5 handlers)
[GIN-debug] POST   /images/search/local      --> web/web_server.imagesSearchLocal (5 handlers)
[GIN-debug] POST   /image/addTag             --> web/web_server.imageAddTag (5 handlers)
[GIN-debug] POST   /images/export            --> web/web_server.imagesExport (5 handlers)
[GIN-debug] POST   /images/load              --> web/web_server.imagesLoad (5 handlers)
[GIN-debug] POST   /image/pull               --> web/web_server.imagePull (5 handlers)
[GIN-debug] POST   /image/push               --> web/web_server.imagePush (5 handlers)
[GIN-debug] POST   /repository/login         --> web/web_server.repositoryLogin (5 handlers)
[GIN-debug] POST   /repository/logout        --> web/web_server.repositoryLogout (5 handlers)
[GIN-debug] GET    /repositories/list        --> web/web_server.repositoriesList (5 handlers)
[GIN-debug] POST   /user/addServer           --> web/web_server.userAddServer (4 handlers)
[GIN-debug] POST   /user/removeServer        --> web/web_server.userRemoveServer (4 handlers)
[GIN-debug] GET    /user/listAllServer       --> web/web_server.userListAllServer (4 handlers)
[GIN-debug] POST   /user/login               --> web/web_server.userLogin (3 handlers)
[GIN-debug] POST   /user/register            --> web/web_server.userRegister (3 handlers)
[GIN-debug] [WARNING] You trusted all proxies, this is NOT safe. We recommend you to set a value.
Please check https://pkg.go.dev/github.com/gin-gonic/gin#readme-don-t-trust-all-proxies for details.
[GIN-debug] Listening and serving HTTP on :80

2024/03/08 23:16:30 D:/project/goProject/ongoing_project/web/dao/db.go:9
[28.005ms] [rows:-] SELECT DATABASE()

2024/03/08 23:16:30 D:/project/goProject/ongoing_project/web/dao/db.go:9
[56.207ms] [rows:1] SELECT SCHEMA_NAME from Information_schema.SCHEMATA where SCHEMA_NAME LIKE 'web%' ORDER BY SCHEMA_NAME='web' DESC,SCHEMA_NAME limit 1

2024/03/08 23:16:30 D:/project/goProject/ongoing_project/web/dao/db.go:9
[57.813ms] [rows:-] SELECT count(*) FROM information_schema.tables WHERE table_schema = 'web' AND table_name = 'users' AND table_type = 'BASE TABLE'

2024/03/08 23:16:30 D:/project/goProject/ongoing_project/web/dao/db.go:9
[27.838ms] [rows:-] SELECT DATABASE()

2024/03/08 23:16:30 D:/project/goProject/ongoing_project/web/dao/db.go:9
[55.589ms] [rows:1] SELECT SCHEMA_NAME from Information_schema.SCHEMATA where SCHEMA_NAME LIKE 'web%' ORDER BY SCHEMA_NAME='web' DESC,SCHEMA_NAME limit 1

2024/03/08 23:16:30 D:/project/goProject/ongoing_project/web/dao/db.go:9
[56.287ms] [rows:-] SELECT * FROM `users` LIMIT 1

2024/03/08 23:16:30 D:/project/goProject/ongoing_project/web/dao/db.go:9
[55.804ms] [rows:-] SELECT column_name, column_default, is_nullable = 'YES', data_type, character_maximum_length, column_type, column_key, extra, column_comment, numeric_precision, numeric_scale , datetime_precision FROM information_schema.columns WHERE table_schema = 'web' AND table_name = 'users' ORDER BY ORDINAL_POSITION

2024/03/08 23:16:30 D:/project/goProject/ongoing_project/web/dao/db.go:9
[27.003ms] [rows:-] SELECT DATABASE()

2024/03/08 23:16:30 D:/project/goProject/ongoing_project/web/dao/db.go:9
[55.066ms] [rows:1] SELECT SCHEMA_NAME from Information_schema.SCHEMATA where SCHEMA_NAME LIKE 'web%' ORDER BY SCHEMA_NAME='web' DESC,SCHEMA_NAME limit 1

2024/03/08 23:16:30 D:/project/goProject/ongoing_project/web/dao/db.go:9
[55.372ms] [rows:-] SELECT count(*) FROM information_schema.statistics WHERE table_schema = 'web' AND table_name = 'users' AND index_name = 'idx_users_deleted_at'

2024/03/08 23:16:30 D:/project/goProject/ongoing_project/web/dao/db.go:9
[27.625ms] [rows:-] SELECT DATABASE()

2024/03/08 23:16:30 D:/project/goProject/ongoing_project/web/dao/db.go:9
[55.185ms] [rows:1] SELECT SCHEMA_NAME from Information_schema.SCHEMATA where SCHEMA_NAME LIKE 'web%' ORDER BY SCHEMA_NAME='web' DESC,SCHEMA_NAME limit 1

2024/03/08 23:16:30 D:/project/goProject/ongoing_project/web/dao/db.go:9
[56.010ms] [rows:-] SELECT count(*) FROM information_schema.tables WHERE table_schema = 'web' AND table_name = 'servers' AND table_type = 'BASE TABLE'

2024/03/08 23:16:30 D:/project/goProject/ongoing_project/web/dao/db.go:9
[27.834ms] [rows:-] SELECT DATABASE()

2024/03/08 23:16:30 D:/project/goProject/ongoing_project/web/dao/db.go:9
[55.510ms] [rows:1] SELECT SCHEMA_NAME from Information_schema.SCHEMATA where SCHEMA_NAME LIKE 'web%' ORDER BY SCHEMA_NAME='web' DESC,SCHEMA_NAME limit 1

2024/03/08 23:16:30 D:/project/goProject/ongoing_project/web/dao/db.go:9
[55.010ms] [rows:-] SELECT * FROM `servers` LIMIT 1

2024/03/08 23:16:30 D:/project/goProject/ongoing_project/web/dao/db.go:9
[57.372ms] [rows:-] SELECT column_name, column_default, is_nullable = 'YES', data_type, character_maximum_length, column_type, column_key, extra, column_comment, numeric_precision, numeric_scale , datetime_precision FROM information_schema.columns WHERE table_schema = 'web' AND table_name = 'servers' ORDER BY ORDINAL_POSITION

2024/03/08 23:16:30 D:/project/goProject/ongoing_project/web/dao/db.go:9
[28.005ms] [rows:-] SELECT DATABASE()

2024/03/08 23:16:30 D:/project/goProject/ongoing_project/web/dao/db.go:9
[55.377ms] [rows:1] SELECT SCHEMA_NAME from Information_schema.SCHEMATA where SCHEMA_NAME LIKE 'web%' ORDER BY SCHEMA_NAME='web' DESC,SCHEMA_NAME limit 1

2024/03/08 23:16:30 D:/project/goProject/ongoing_project/web/dao/db.go:9
[57.010ms] [rows:-] SELECT count(*) FROM INFORMATION_SCHEMA.table_constraints WHERE constraint_schema = 'web' AND table_name = 'servers' AND constraint_name = 'fk_servers_user'

2024/03/08 23:16:30 D:/project/goProject/ongoing_project/web/dao/db.go:9
[27.473ms] [rows:-] SELECT DATABASE()

2024/03/08 23:16:31 D:/project/goProject/ongoing_project/web/dao/db.go:9
[56.201ms] [rows:1] SELECT SCHEMA_NAME from Information_schema.SCHEMATA where SCHEMA_NAME LIKE 'web%' ORDER BY SCHEMA_NAME='web' DESC,SCHEMA_NAME limit 1

2024/03/08 23:16:31 D:/project/goProject/ongoing_project/web/dao/db.go:9
[55.010ms] [rows:-] SELECT count(*) FROM information_schema.statistics WHERE table_schema = 'web' AND table_name = 'servers' AND index_name = 'idx_servers_deleted_at'

2024/03/08 23:16:31 D:/project/goProject/ongoing_project/web/dao/db.go:9
[27.005ms] [rows:-] SELECT DATABASE()

2024/03/08 23:16:31 D:/project/goProject/ongoing_project/web/dao/db.go:9
[55.510ms] [rows:1] SELECT SCHEMA_NAME from Information_schema.SCHEMATA where SCHEMA_NAME LIKE 'web%' ORDER BY SCHEMA_NAME='web' DESC,SCHEMA_NAME limit 1

2024/03/08 23:16:31 D:/project/goProject/ongoing_project/web/dao/db.go:9
[55.405ms] [rows:-] SELECT count(*) FROM information_schema.tables WHERE table_schema = 'web' AND table_name = 'repositories' AND table_type = 'BASE TABLE'

2024/03/08 23:16:31 D:/project/goProject/ongoing_project/web/dao/db.go:9
[27.223ms] [rows:-] SELECT DATABASE()

2024/03/08 23:16:31 D:/project/goProject/ongoing_project/web/dao/db.go:9
[54.767ms] [rows:1] SELECT SCHEMA_NAME from Information_schema.SCHEMATA where SCHEMA_NAME LIKE 'web%' ORDER BY SCHEMA_NAME='web' DESC,SCHEMA_NAME limit 1

2024/03/08 23:16:31 D:/project/goProject/ongoing_project/web/dao/db.go:9
[55.119ms] [rows:-] SELECT * FROM `repositories` LIMIT 1

2024/03/08 23:16:31 D:/project/goProject/ongoing_project/web/dao/db.go:9
[56.510ms] [rows:-] SELECT column_name, column_default, is_nullable = 'YES', data_type, character_maximum_length, column_type, column_key, extra, column_comment, numeric_precision, numeric_scale , datetime_precision FROM information_schema.columns WHERE table_schema = 'web' AND table_name = 'repositories' ORDER BY ORDINAL_POSITION

2024/03/08 23:16:31 
[355.063ms] [rows:0] CREATE UNIQUE INDEX `userRepos` ON `repositories`(`user_id`)

2024/03/08 23:16:31 D:/project/goProject/ongoing_project/web/dao/db.go:9
[27.255ms] [rows:-] SELECT DATABASE()

2024/03/08 23:16:31 D:/project/goProject/ongoing_project/web/dao/db.go:9
[55.172ms] [rows:1] SELECT SCHEMA_NAME from Information_schema.SCHEMATA where SCHEMA_NAME LIKE 'web%' ORDER BY SCHEMA_NAME='web' DESC,SCHEMA_NAME limit 1

2024/03/08 23:16:31 D:/project/goProject/ongoing_project/web/dao/db.go:9
[56.187ms] [rows:-] SELECT count(*) FROM INFORMATION_SCHEMA.table_constraints WHERE constraint_schema = 'web' AND table_name = 'repositories' AND constraint_name = 'fk_repositories_user'

2024/03/08 23:16:31 D:/project/goProject/ongoing_project/web/dao/db.go:9
[27.908ms] [rows:-] SELECT DATABASE()

2024/03/08 23:16:32 D:/project/goProject/ongoing_project/web/dao/db.go:9
[55.010ms] [rows:1] SELECT SCHEMA_NAME from Information_schema.SCHEMATA where SCHEMA_NAME LIKE 'web%' ORDER BY SCHEMA_NAME='web' DESC,SCHEMA_NAME limit 1

2024/03/08 23:16:32 D:/project/goProject/ongoing_project/web/dao/db.go:9
[56.176ms] [rows:-] SELECT count(*) FROM information_schema.statistics WHERE table_schema = 'web' AND table_name = 'repositories' AND index_name = 'userRepos'

2024/03/08 23:16:32 D:/project/goProject/ongoing_project/web/dao/db.go:9
[27.505ms] [rows:-] SELECT DATABASE()

2024/03/08 23:16:32 D:/project/goProject/ongoing_project/web/dao/db.go:9
[55.010ms] [rows:1] SELECT SCHEMA_NAME from Information_schema.SCHEMATA where SCHEMA_NAME LIKE 'web%' ORDER BY SCHEMA_NAME='web' DESC,SCHEMA_NAME limit 1

2024/03/08 23:16:32 D:/project/goProject/ongoing_project/web/dao/db.go:9
[55.510ms] [rows:-] SELECT count(*) FROM information_schema.statistics WHERE table_schema = 'web' AND table_name = 'repositories' AND index_name = 'idx_repositories_deleted_at'
[GIN-debug] GET    /containers               --> web/web_server.containersList (5 handlers)
[GIN-debug] GET    /containers/all           --> web/web_server.containersListAll (5 handlers)
[GIN-debug] POST   /container/create         --> web/web_server.containerCreate (5 handlers)
[GIN-debug] POST   /container/start          --> web/web_server.containerStart (5 handlers)
[GIN-debug] POST   /container/stop           --> web/web_server.containerStop (5 handlers)
[GIN-debug] POST   /container/kill           --> web/web_server.containerKill (5 handlers)
[GIN-debug] POST   /container/remove         --> web/web_server.containerRemove (5 handlers)
[GIN-debug] POST   /container/search         --> web/web_server.containerSearch (5 handlers)
[GIN-debug] GET    /images                   --> web/web_server.imageList (5 handlers)
[GIN-debug] GET    /images/all               --> web/web_server.imageListAll (5 handlers)
[GIN-debug] POST   /image/buildByFile        --> web/web_server.imageBuildByFile (5 handlers)
[GIN-debug] POST   /image/tag/remove         --> web/web_server.imageTagRemove (5 handlers)
[GIN-debug] POST   /image/removeByID         --> web/web_server.imageRemoveByID (5 handlers)
[GIN-debug] POST   /image/tag/rename         --> web/web_server.imageTagRename (5 handlers)
[GIN-debug] POST   /images/search/repository --> web/web_server.imagesSearchRepository (5 handlers)
[GIN-debug] POST   /images/search/local      --> web/web_server.imagesSearchLocal (5 handlers)
[GIN-debug] POST   /image/addTag             --> web/web_server.imageAddTag (5 handlers)
[GIN-debug] POST   /images/export            --> web/web_server.imagesExport (5 handlers)
[GIN-debug] POST   /images/load              --> web/web_server.imagesLoad (5 handlers)
[GIN-debug] POST   /image/pull               --> web/web_server.imagePull (5 handlers)
[GIN-debug] POST   /image/push               --> web/web_server.imagePush (5 handlers)
[GIN-debug] POST   /repository/login         --> web/web_server.repositoryLogin (5 handlers)
[GIN-debug] POST   /repository/logout        --> web/web_server.repositoryLogout (5 handlers)
[GIN-debug] GET    /repositories/list        --> web/web_server.repositoriesList (5 handlers)
[GIN-debug] POST   /user/addServer           --> web/web_server.userAddServer (4 handlers)
[GIN-debug] POST   /user/removeServer        --> web/web_server.userRemoveServer (4 handlers)
[GIN-debug] GET    /user/listAllServer       --> web/web_server.userListAllServer (4 handlers)
[GIN-debug] POST   /user/login               --> web/web_server.userLogin (3 handlers)
[GIN-debug] POST   /user/register            --> web/web_server.userRegister (3 handlers)
[GIN-debug] [WARNING] You trusted all proxies, this is NOT safe. We recommend you to set a value.
Please check https://pkg.go.dev/github.com/gin-gonic/gin#readme-don-t-trust-all-proxies for details.
[GIN-debug] Listening and serving HTTP on :80

2024/03/08 23:19:11 D:/project/goProject/ongoing_project/web/dao/db.go:9
[30.505ms] [rows:-] SELECT DATABASE()

2024/03/08 23:19:11 D:/project/goProject/ongoing_project/web/dao/db.go:9
[61.011ms] [rows:1] SELECT SCHEMA_NAME from Information_schema.SCHEMATA where SCHEMA_NAME LIKE 'web%' ORDER BY SCHEMA_NAME='web' DESC,SCHEMA_NAME limit 1

2024/03/08 23:19:11 D:/project/goProject/ongoing_project/web/dao/db.go:9
[61.511ms] [rows:-] SELECT count(*) FROM information_schema.tables WHERE table_schema = 'web' AND table_name = 'users' AND table_type = 'BASE TABLE'

2024/03/08 23:19:11 D:/project/goProject/ongoing_project/web/dao/db.go:9
[30.506ms] [rows:-] SELECT DATABASE()

2024/03/08 23:19:11 D:/project/goProject/ongoing_project/web/dao/db.go:9
[60.811ms] [rows:1] SELECT SCHEMA_NAME from Information_schema.SCHEMATA where SCHEMA_NAME LIKE 'web%' ORDER BY SCHEMA_NAME='web' DESC,SCHEMA_NAME limit 1

2024/03/08 23:19:11 D:/project/goProject/ongoing_project/web/dao/db.go:9
[61.511ms] [rows:-] SELECT * FROM `users` LIMIT 1

2024/03/08 23:19:11 D:/project/goProject/ongoing_project/web/dao/db.go:9
[61.011ms] [rows:-] SELECT column_name, column_default, is_nullable = 'YES', data_type, character_maximum_length, column_type, column_key, extra, column_comment, numeric_precision, numeric_scale , datetime_precision FROM information_schema.columns WHERE table_schema = 'web' AND table_name = 'users' ORDER BY ORDINAL_POSITION

2024/03/08 23:19:11 D:/project/goProject/ongoing_project/web/dao/db.go:9
[29.505ms] [rows:-] SELECT DATABASE()

2024/03/08 23:19:11 D:/project/goProject/ongoing_project/web/dao/db.go:9
[62.243ms] [rows:1] SELECT SCHEMA_NAME from Information_schema.SCHEMATA where SCHEMA_NAME LIKE 'web%' ORDER BY SCHEMA_NAME='web' DESC,SCHEMA_NAME limit 1

2024/03/08 23:19:12 D:/project/goProject/ongoing_project/web/dao/db.go:9
[61.229ms] [rows:-] SELECT count(*) FROM information_schema.statistics WHERE table_schema = 'web' AND table_name = 'users' AND index_name = 'idx_users_deleted_at'

2024/03/08 23:19:12 D:/project/goProject/ongoing_project/web/dao/db.go:9
[29.892ms] [rows:-] SELECT DATABASE()

2024/03/08 23:19:12 D:/project/goProject/ongoing_project/web/dao/db.go:9
[60.511ms] [rows:1] SELECT SCHEMA_NAME from Information_schema.SCHEMATA where SCHEMA_NAME LIKE 'web%' ORDER BY SCHEMA_NAME='web' DESC,SCHEMA_NAME limit 1

2024/03/08 23:19:12 D:/project/goProject/ongoing_project/web/dao/db.go:9
[60.511ms] [rows:-] SELECT count(*) FROM information_schema.tables WHERE table_schema = 'web' AND table_name = 'servers' AND table_type = 'BASE TABLE'

2024/03/08 23:19:12 D:/project/goProject/ongoing_project/web/dao/db.go:9
[30.005ms] [rows:-] SELECT DATABASE()

2024/03/08 23:19:12 D:/project/goProject/ongoing_project/web/dao/db.go:9
[61.511ms] [rows:1] SELECT SCHEMA_NAME from Information_schema.SCHEMATA where SCHEMA_NAME LIKE 'web%' ORDER BY SCHEMA_NAME='web' DESC,SCHEMA_NAME limit 1

2024/03/08 23:19:12 D:/project/goProject/ongoing_project/web/dao/db.go:9
[61.011ms] [rows:-] SELECT * FROM `servers` LIMIT 1

2024/03/08 23:19:12 D:/project/goProject/ongoing_project/web/dao/db.go:9
[63.511ms] [rows:-] SELECT column_name, column_default, is_nullable = 'YES', data_type, character_maximum_length, column_type, column_key, extra, column_comment, numeric_precision, numeric_scale , datetime_precision FROM information_schema.columns WHERE table_schema = 'web' AND table_name = 'servers' ORDER BY ORDINAL_POSITION

2024/03/08 23:19:12 D:/project/goProject/ongoing_project/web/dao/db.go:9
[30.506ms] [rows:-] SELECT DATABASE()

2024/03/08 23:19:12 D:/project/goProject/ongoing_project/web/dao/db.go:9
[60.592ms] [rows:1] SELECT SCHEMA_NAME from Information_schema.SCHEMATA where SCHEMA_NAME LIKE 'web%' ORDER BY SCHEMA_NAME='web' DESC,SCHEMA_NAME limit 1

2024/03/08 23:19:12 D:/project/goProject/ongoing_project/web/dao/db.go:9
[62.825ms] [rows:-] SELECT count(*) FROM INFORMATION_SCHEMA.table_constraints WHERE constraint_schema = 'web' AND table_name = 'servers' AND constraint_name = 'fk_servers_user'

2024/03/08 23:19:12 D:/project/goProject/ongoing_project/web/dao/db.go:9
[29.357ms] [rows:-] SELECT DATABASE()

2024/03/08 23:19:12 D:/project/goProject/ongoing_project/web/dao/db.go:9
[60.510ms] [rows:1] SELECT SCHEMA_NAME from Information_schema.SCHEMATA where SCHEMA_NAME LIKE 'web%' ORDER BY SCHEMA_NAME='web' DESC,SCHEMA_NAME limit 1

2024/03/08 23:19:12 D:/project/goProject/ongoing_project/web/dao/db.go:9
[62.943ms] [rows:-] SELECT count(*) FROM information_schema.statistics WHERE table_schema = 'web' AND table_name = 'servers' AND index_name = 'idx_servers_deleted_at'

2024/03/08 23:19:12 D:/project/goProject/ongoing_project/web/dao/db.go:9
[30.005ms] [rows:-] SELECT DATABASE()

2024/03/08 23:19:12 D:/project/goProject/ongoing_project/web/dao/db.go:9
[60.156ms] [rows:1] SELECT SCHEMA_NAME from Information_schema.SCHEMATA where SCHEMA_NAME LIKE 'web%' ORDER BY SCHEMA_NAME='web' DESC,SCHEMA_NAME limit 1

2024/03/08 23:19:12 D:/project/goProject/ongoing_project/web/dao/db.go:9
[60.364ms] [rows:-] SELECT count(*) FROM information_schema.tables WHERE table_schema = 'web' AND table_name = 'repositories' AND table_type = 'BASE TABLE'

2024/03/08 23:19:12 D:/project/goProject/ongoing_project/web/dao/db.go:9
[30.343ms] [rows:-] SELECT DATABASE()

2024/03/08 23:19:12 D:/project/goProject/ongoing_project/web/dao/db.go:9
[60.424ms] [rows:1] SELECT SCHEMA_NAME from Information_schema.SCHEMATA where SCHEMA_NAME LIKE 'web%' ORDER BY SCHEMA_NAME='web' DESC,SCHEMA_NAME limit 1

2024/03/08 23:19:13 D:/project/goProject/ongoing_project/web/dao/db.go:9
[295.145ms] [rows:-] SELECT * FROM `repositories` LIMIT 1

2024/03/08 23:19:13 D:/project/goProject/ongoing_project/web/dao/db.go:9
[304.802ms] [rows:-] SELECT column_name, column_default, is_nullable = 'YES', data_type, character_maximum_length, column_type, column_key, extra, column_comment, numeric_precision, numeric_scale , datetime_precision FROM information_schema.columns WHERE table_schema = 'web' AND table_name = 'repositories' ORDER BY ORDINAL_POSITION

2024/03/08 23:19:13 
[31.506ms] [rows:-] SELECT DATABASE()

2024/03/08 23:19:13 
[59.441ms] [rows:1] SELECT SCHEMA_NAME from Information_schema.SCHEMATA where SCHEMA_NAME LIKE 'web%' ORDER BY SCHEMA_NAME='web' DESC,SCHEMA_NAME limit 1

2024/03/08 23:19:13 D:/project/goProject/ongoing_project/web/dao/db.go:9
[61.011ms] [rows:3] 
SELECT
	TABLE_NAME,
	COLUMN_NAME,
	INDEX_NAME,
	NON_UNIQUE 
FROM
	information_schema.STATISTICS 
WHERE
	TABLE_SCHEMA = 'web' 
	AND TABLE_NAME = 'repositories' 
ORDER BY
	INDEX_NAME,
	SEQ_IN_INDEX

2024/03/08 23:19:13  Error 1553 (HY000): Cannot drop index 'userRepos': needed in a foreign key constraint
[45.008ms] [rows:0] DROP INDEX `userRepos` ON `repositories`

2024/03/08 23:19:42 D:/project/goProject/ongoing_project/web/dao/db.go:9
[30.506ms] [rows:-] SELECT DATABASE()

2024/03/08 23:19:42 D:/project/goProject/ongoing_project/web/dao/db.go:9
[61.011ms] [rows:1] SELECT SCHEMA_NAME from Information_schema.SCHEMATA where SCHEMA_NAME LIKE 'web%' ORDER BY SCHEMA_NAME='web' DESC,SCHEMA_NAME limit 1

2024/03/08 23:19:42 D:/project/goProject/ongoing_project/web/dao/db.go:9
[298.553ms] [rows:-] SELECT count(*) FROM information_schema.tables WHERE table_schema = 'web' AND table_name = 'users' AND table_type = 'BASE TABLE'

2024/03/08 23:19:42 D:/project/goProject/ongoing_project/web/dao/db.go:9
[30.005ms] [rows:-] SELECT DATABASE()

2024/03/08 23:19:42 D:/project/goProject/ongoing_project/web/dao/db.go:9
[61.281ms] [rows:1] SELECT SCHEMA_NAME from Information_schema.SCHEMATA where SCHEMA_NAME LIKE 'web%' ORDER BY SCHEMA_NAME='web' DESC,SCHEMA_NAME limit 1

2024/03/08 23:19:42 D:/project/goProject/ongoing_project/web/dao/db.go:9
[63.511ms] [rows:-] SELECT * FROM `users` LIMIT 1

2024/03/08 23:19:43 D:/project/goProject/ongoing_project/web/dao/db.go:9
[63.083ms] [rows:-] SELECT column_name, column_default, is_nullable = 'YES', data_type, character_maximum_length, column_type, column_key, extra, column_comment, numeric_precision, numeric_scale , datetime_precision FROM information_schema.columns WHERE table_schema = 'web' AND table_name = 'users' ORDER BY ORDINAL_POSITION

2024/03/08 23:19:43 D:/project/goProject/ongoing_project/web/dao/db.go:9
[30.004ms] [rows:-] SELECT DATABASE()

2024/03/08 23:19:43 D:/project/goProject/ongoing_project/web/dao/db.go:9
[59.967ms] [rows:1] SELECT SCHEMA_NAME from Information_schema.SCHEMATA where SCHEMA_NAME LIKE 'web%' ORDER BY SCHEMA_NAME='web' DESC,SCHEMA_NAME limit 1

2024/03/08 23:19:43 D:/project/goProject/ongoing_project/web/dao/db.go:9
[60.638ms] [rows:-] SELECT count(*) FROM information_schema.statistics WHERE table_schema = 'web' AND table_name = 'users' AND index_name = 'idx_users_deleted_at'

2024/03/08 23:19:43 D:/project/goProject/ongoing_project/web/dao/db.go:9
[29.988ms] [rows:-] SELECT DATABASE()

2024/03/08 23:19:43 D:/project/goProject/ongoing_project/web/dao/db.go:9
[60.286ms] [rows:1] SELECT SCHEMA_NAME from Information_schema.SCHEMATA where SCHEMA_NAME LIKE 'web%' ORDER BY SCHEMA_NAME='web' DESC,SCHEMA_NAME limit 1

2024/03/08 23:19:43 D:/project/goProject/ongoing_project/web/dao/db.go:9
[59.964ms] [rows:-] SELECT count(*) FROM information_schema.tables WHERE table_schema = 'web' AND table_name = 'servers' AND table_type = 'BASE TABLE'

2024/03/08 23:19:43 D:/project/goProject/ongoing_project/web/dao/db.go:9
[29.462ms] [rows:-] SELECT DATABASE()

2024/03/08 23:19:43 D:/project/goProject/ongoing_project/web/dao/db.go:9
[61.110ms] [rows:1] SELECT SCHEMA_NAME from Information_schema.SCHEMATA where SCHEMA_NAME LIKE 'web%' ORDER BY SCHEMA_NAME='web' DESC,SCHEMA_NAME limit 1

2024/03/08 23:19:43 D:/project/goProject/ongoing_project/web/dao/db.go:9
[59.912ms] [rows:-] SELECT * FROM `servers` LIMIT 1

2024/03/08 23:19:43 D:/project/goProject/ongoing_project/web/dao/db.go:9
[60.404ms] [rows:-] SELECT column_name, column_default, is_nullable = 'YES', data_type, character_maximum_length, column_type, column_key, extra, column_comment, numeric_precision, numeric_scale , datetime_precision FROM information_schema.columns WHERE table_schema = 'web' AND table_name = 'servers' ORDER BY ORDINAL_POSITION

2024/03/08 23:19:43 D:/project/goProject/ongoing_project/web/dao/db.go:9
[29.203ms] [rows:-] SELECT DATABASE()

2024/03/08 23:19:43 D:/project/goProject/ongoing_project/web/dao/db.go:9
[59.119ms] [rows:1] SELECT SCHEMA_NAME from Information_schema.SCHEMATA where SCHEMA_NAME LIKE 'web%' ORDER BY SCHEMA_NAME='web' DESC,SCHEMA_NAME limit 1

2024/03/08 23:19:43 D:/project/goProject/ongoing_project/web/dao/db.go:9
[62.158ms] [rows:-] SELECT count(*) FROM INFORMATION_SCHEMA.table_constraints WHERE constraint_schema = 'web' AND table_name = 'servers' AND constraint_name = 'fk_servers_user'

2024/03/08 23:19:43 D:/project/goProject/ongoing_project/web/dao/db.go:9
[31.006ms] [rows:-] SELECT DATABASE()

2024/03/08 23:19:43 D:/project/goProject/ongoing_project/web/dao/db.go:9
[61.720ms] [rows:1] SELECT SCHEMA_NAME from Information_schema.SCHEMATA where SCHEMA_NAME LIKE 'web%' ORDER BY SCHEMA_NAME='web' DESC,SCHEMA_NAME limit 1

2024/03/08 23:19:43 D:/project/goProject/ongoing_project/web/dao/db.go:9
[62.849ms] [rows:-] SELECT count(*) FROM information_schema.statistics WHERE table_schema = 'web' AND table_name = 'servers' AND index_name = 'idx_servers_deleted_at'

2024/03/08 23:19:43 D:/project/goProject/ongoing_project/web/dao/db.go:9
[30.424ms] [rows:-] SELECT DATABASE()

2024/03/08 23:19:43 D:/project/goProject/ongoing_project/web/dao/db.go:9
[62.511ms] [rows:1] SELECT SCHEMA_NAME from Information_schema.SCHEMATA where SCHEMA_NAME LIKE 'web%' ORDER BY SCHEMA_NAME='web' DESC,SCHEMA_NAME limit 1

2024/03/08 23:19:44 D:/project/goProject/ongoing_project/web/dao/db.go:9
[59.451ms] [rows:-] SELECT count(*) FROM information_schema.tables WHERE table_schema = 'web' AND table_name = 'repositories' AND table_type = 'BASE TABLE'

2024/03/08 23:19:44 D:/project/goProject/ongoing_project/web/dao/db.go:9
[69.512ms] [rows:0] CREATE TABLE `repositories` (`id` bigint unsigned AUTO_INCREMENT,`created_at` datetime(3) NULL,`updated_at` datetime(3) NULL,`deleted_at` datetime(3) NULL,`username` longtext,`password` longtext,`user_id` bigint unsigned,PRIMARY KEY (`id`),INDEX `idx_repositories_deleted_at` (`deleted_at`),CONSTRAINT `fk_repositories_user` FOREIGN KEY (`user_id`) REFERENCES `users`(`id`))
[GIN-debug] GET    /containers               --> web/web_server.containersList (5 handlers)
[GIN-debug] GET    /containers/all           --> web/web_server.containersListAll (5 handlers)
[GIN-debug] POST   /container/create         --> web/web_server.containerCreate (5 handlers)
[GIN-debug] POST   /container/start          --> web/web_server.containerStart (5 handlers)
[GIN-debug] POST   /container/stop           --> web/web_server.containerStop (5 handlers)
[GIN-debug] POST   /container/kill           --> web/web_server.containerKill (5 handlers)
[GIN-debug] POST   /container/remove         --> web/web_server.containerRemove (5 handlers)
[GIN-debug] POST   /container/search         --> web/web_server.containerSearch (5 handlers)
[GIN-debug] GET    /images                   --> web/web_server.imageList (5 handlers)
[GIN-debug] GET    /images/all               --> web/web_server.imageListAll (5 handlers)
[GIN-debug] POST   /image/buildByFile        --> web/web_server.imageBuildByFile (5 handlers)
[GIN-debug] POST   /image/tag/remove         --> web/web_server.imageTagRemove (5 handlers)
[GIN-debug] POST   /image/removeByID         --> web/web_server.imageRemoveByID (5 handlers)
[GIN-debug] POST   /image/tag/rename         --> web/web_server.imageTagRename (5 handlers)
[GIN-debug] POST   /images/search/repository --> web/web_server.imagesSearchRepository (5 handlers)
[GIN-debug] POST   /images/search/local      --> web/web_server.imagesSearchLocal (5 handlers)
[GIN-debug] POST   /image/addTag             --> web/web_server.imageAddTag (5 handlers)
[GIN-debug] POST   /images/export            --> web/web_server.imagesExport (5 handlers)
[GIN-debug] POST   /images/load              --> web/web_server.imagesLoad (5 handlers)
[GIN-debug] POST   /image/pull               --> web/web_server.imagePull (5 handlers)
[GIN-debug] POST   /image/push               --> web/web_server.imagePush (5 handlers)
[GIN-debug] POST   /repository/login         --> web/web_server.repositoryLogin (5 handlers)
[GIN-debug] POST   /repository/logout        --> web/web_server.repositoryLogout (5 handlers)
[GIN-debug] GET    /repositories/list        --> web/web_server.repositoriesList (5 handlers)
[GIN-debug] POST   /user/addServer           --> web/web_server.userAddServer (4 handlers)
[GIN-debug] POST   /user/removeServer        --> web/web_server.userRemoveServer (4 handlers)
[GIN-debug] GET    /user/listAllServer       --> web/web_server.userListAllServer (4 handlers)
[GIN-debug] POST   /user/login               --> web/web_server.userLogin (3 handlers)
[GIN-debug] POST   /user/register            --> web/web_server.userRegister (3 handlers)
[GIN-debug] [WARNING] You trusted all proxies, this is NOT safe. We recommend you to set a value.
Please check https://pkg.go.dev/github.com/gin-gonic/gin#readme-don-t-trust-all-proxies for details.
[GIN-debug] Listening and serving HTTP on :80

2024/03/08 23:21:55 D:/project/goProject/ongoing_project/web/dao/db.go:9
[27.005ms] [rows:-] SELECT DATABASE()

2024/03/08 23:21:55 D:/project/goProject/ongoing_project/web/dao/db.go:9
[54.598ms] [rows:1] SELECT SCHEMA_NAME from Information_schema.SCHEMATA where SCHEMA_NAME LIKE 'web%' ORDER BY SCHEMA_NAME='web' DESC,SCHEMA_NAME limit 1

2024/03/08 23:21:56 D:/project/goProject/ongoing_project/web/dao/db.go:9
[54.922ms] [rows:-] SELECT count(*) FROM information_schema.tables WHERE table_schema = 'web' AND table_name = 'users' AND table_type = 'BASE TABLE'

2024/03/08 23:21:56 D:/project/goProject/ongoing_project/web/dao/db.go:9
[26.381ms] [rows:-] SELECT DATABASE()

2024/03/08 23:21:56 D:/project/goProject/ongoing_project/web/dao/db.go:9
[55.512ms] [rows:1] SELECT SCHEMA_NAME from Information_schema.SCHEMATA where SCHEMA_NAME LIKE 'web%' ORDER BY SCHEMA_NAME='web' DESC,SCHEMA_NAME limit 1

2024/03/08 23:21:56 D:/project/goProject/ongoing_project/web/dao/db.go:9
[54.947ms] [rows:-] SELECT * FROM `users` LIMIT 1

2024/03/08 23:21:56 D:/project/goProject/ongoing_project/web/dao/db.go:9
[54.510ms] [rows:-] SELECT column_name, column_default, is_nullable = 'YES', data_type, character_maximum_length, column_type, column_key, extra, column_comment, numeric_precision, numeric_scale , datetime_precision FROM information_schema.columns WHERE table_schema = 'web' AND table_name = 'users' ORDER BY ORDINAL_POSITION

2024/03/08 23:21:56 D:/project/goProject/ongoing_project/web/dao/db.go:9
[28.460ms] [rows:-] SELECT DATABASE()

2024/03/08 23:21:56 D:/project/goProject/ongoing_project/web/dao/db.go:9
[55.282ms] [rows:1] SELECT SCHEMA_NAME from Information_schema.SCHEMATA where SCHEMA_NAME LIKE 'web%' ORDER BY SCHEMA_NAME='web' DESC,SCHEMA_NAME limit 1

2024/03/08 23:21:56 D:/project/goProject/ongoing_project/web/dao/db.go:9
[55.739ms] [rows:-] SELECT count(*) FROM information_schema.statistics WHERE table_schema = 'web' AND table_name = 'users' AND index_name = 'idx_users_deleted_at'

2024/03/08 23:21:56 D:/project/goProject/ongoing_project/web/dao/db.go:9
[27.004ms] [rows:-] SELECT DATABASE()

2024/03/08 23:21:56 D:/project/goProject/ongoing_project/web/dao/db.go:9
[53.713ms] [rows:1] SELECT SCHEMA_NAME from Information_schema.SCHEMATA where SCHEMA_NAME LIKE 'web%' ORDER BY SCHEMA_NAME='web' DESC,SCHEMA_NAME limit 1

2024/03/08 23:21:56 D:/project/goProject/ongoing_project/web/dao/db.go:9
[54.139ms] [rows:-] SELECT count(*) FROM information_schema.tables WHERE table_schema = 'web' AND table_name = 'servers' AND table_type = 'BASE TABLE'

2024/03/08 23:21:56 D:/project/goProject/ongoing_project/web/dao/db.go:9
[27.110ms] [rows:-] SELECT DATABASE()

2024/03/08 23:21:56 D:/project/goProject/ongoing_project/web/dao/db.go:9
[53.948ms] [rows:1] SELECT SCHEMA_NAME from Information_schema.SCHEMATA where SCHEMA_NAME LIKE 'web%' ORDER BY SCHEMA_NAME='web' DESC,SCHEMA_NAME limit 1

2024/03/08 23:21:56 D:/project/goProject/ongoing_project/web/dao/db.go:9
[54.217ms] [rows:-] SELECT * FROM `servers` LIMIT 1

2024/03/08 23:21:56 D:/project/goProject/ongoing_project/web/dao/db.go:9
[55.362ms] [rows:-] SELECT column_name, column_default, is_nullable = 'YES', data_type, character_maximum_length, column_type, column_key, extra, column_comment, numeric_precision, numeric_scale , datetime_precision FROM information_schema.columns WHERE table_schema = 'web' AND table_name = 'servers' ORDER BY ORDINAL_POSITION

2024/03/08 23:21:56 D:/project/goProject/ongoing_project/web/dao/db.go:9
[27.201ms] [rows:-] SELECT DATABASE()

2024/03/08 23:21:56 D:/project/goProject/ongoing_project/web/dao/db.go:9
[54.845ms] [rows:1] SELECT SCHEMA_NAME from Information_schema.SCHEMATA where SCHEMA_NAME LIKE 'web%' ORDER BY SCHEMA_NAME='web' DESC,SCHEMA_NAME limit 1

2024/03/08 23:21:56 D:/project/goProject/ongoing_project/web/dao/db.go:9
[54.886ms] [rows:-] SELECT count(*) FROM INFORMATION_SCHEMA.table_constraints WHERE constraint_schema = 'web' AND table_name = 'servers' AND constraint_name = 'fk_servers_user'

2024/03/08 23:21:56 D:/project/goProject/ongoing_project/web/dao/db.go:9
[28.506ms] [rows:-] SELECT DATABASE()

2024/03/08 23:21:56 D:/project/goProject/ongoing_project/web/dao/db.go:9
[54.050ms] [rows:1] SELECT SCHEMA_NAME from Information_schema.SCHEMATA where SCHEMA_NAME LIKE 'web%' ORDER BY SCHEMA_NAME='web' DESC,SCHEMA_NAME limit 1

2024/03/08 23:21:56 D:/project/goProject/ongoing_project/web/dao/db.go:9
[54.787ms] [rows:-] SELECT count(*) FROM information_schema.statistics WHERE table_schema = 'web' AND table_name = 'servers' AND index_name = 'idx_servers_deleted_at'

2024/03/08 23:21:56 D:/project/goProject/ongoing_project/web/dao/db.go:9
[26.469ms] [rows:-] SELECT DATABASE()

2024/03/08 23:21:57 D:/project/goProject/ongoing_project/web/dao/db.go:9
[55.464ms] [rows:1] SELECT SCHEMA_NAME from Information_schema.SCHEMATA where SCHEMA_NAME LIKE 'web%' ORDER BY SCHEMA_NAME='web' DESC,SCHEMA_NAME limit 1

2024/03/08 23:21:57 D:/project/goProject/ongoing_project/web/dao/db.go:9
[54.011ms] [rows:-] SELECT count(*) FROM information_schema.tables WHERE table_schema = 'web' AND table_name = 'repositories' AND table_type = 'BASE TABLE'

2024/03/08 23:21:57 D:/project/goProject/ongoing_project/web/dao/db.go:9
[75.513ms] [rows:0] CREATE TABLE `repositories` (`id` bigint unsigned AUTO_INCREMENT,`created_at` datetime(3) NULL,`updated_at` datetime(3) NULL,`deleted_at` datetime(3) NULL,`username` longtext,`password` longtext,`user_id` bigint unsigned,PRIMARY KEY (`id`),INDEX `idx_repositories_deleted_at` (`deleted_at`),UNIQUE INDEX `idx_repoUsername_userID` (`user_id`),CONSTRAINT `fk_repositories_user` FOREIGN KEY (`user_id`) REFERENCES `users`(`id`))
[GIN-debug] GET    /containers               --> web/web_server.containersList (5 handlers)
[GIN-debug] GET    /containers/all           --> web/web_server.containersListAll (5 handlers)
[GIN-debug] POST   /container/create         --> web/web_server.containerCreate (5 handlers)
[GIN-debug] POST   /container/start          --> web/web_server.containerStart (5 handlers)
[GIN-debug] POST   /container/stop           --> web/web_server.containerStop (5 handlers)
[GIN-debug] POST   /container/kill           --> web/web_server.containerKill (5 handlers)
[GIN-debug] POST   /container/remove         --> web/web_server.containerRemove (5 handlers)
[GIN-debug] POST   /container/search         --> web/web_server.containerSearch (5 handlers)
[GIN-debug] GET    /images                   --> web/web_server.imageList (5 handlers)
[GIN-debug] GET    /images/all               --> web/web_server.imageListAll (5 handlers)
[GIN-debug] POST   /image/buildByFile        --> web/web_server.imageBuildByFile (5 handlers)
[GIN-debug] POST   /image/tag/remove         --> web/web_server.imageTagRemove (5 handlers)
[GIN-debug] POST   /image/removeByID         --> web/web_server.imageRemoveByID (5 handlers)
[GIN-debug] POST   /image/tag/rename         --> web/web_server.imageTagRename (5 handlers)
[GIN-debug] POST   /images/search/repository --> web/web_server.imagesSearchRepository (5 handlers)
[GIN-debug] POST   /images/search/local      --> web/web_server.imagesSearchLocal (5 handlers)
[GIN-debug] POST   /image/addTag             --> web/web_server.imageAddTag (5 handlers)
[GIN-debug] POST   /images/export            --> web/web_server.imagesExport (5 handlers)
[GIN-debug] POST   /images/load              --> web/web_server.imagesLoad (5 handlers)
[GIN-debug] POST   /image/pull               --> web/web_server.imagePull (5 handlers)
[GIN-debug] POST   /image/push               --> web/web_server.imagePush (5 handlers)
[GIN-debug] POST   /repository/login         --> web/web_server.repositoryLogin (5 handlers)
[GIN-debug] POST   /repository/logout        --> web/web_server.repositoryLogout (5 handlers)
[GIN-debug] GET    /repositories/list        --> web/web_server.repositoriesList (5 handlers)
[GIN-debug] POST   /user/addServer           --> web/web_server.userAddServer (4 handlers)
[GIN-debug] POST   /user/removeServer        --> web/web_server.userRemoveServer (4 handlers)
[GIN-debug] GET    /user/listAllServer       --> web/web_server.userListAllServer (4 handlers)
[GIN-debug] POST   /user/login               --> web/web_server.userLogin (3 handlers)
[GIN-debug] POST   /user/register            --> web/web_server.userRegister (3 handlers)
[GIN-debug] [WARNING] You trusted all proxies, this is NOT safe. We recommend you to set a value.
Please check https://pkg.go.dev/github.com/gin-gonic/gin#readme-don-t-trust-all-proxies for details.
[GIN-debug] Listening and serving HTTP on :80

2024/03/08 23:24:09 D:/project/goProject/ongoing_project/web/dao/db.go:9
[27.005ms] [rows:-] SELECT DATABASE()

2024/03/08 23:24:09 D:/project/goProject/ongoing_project/web/dao/db.go:9
[55.010ms] [rows:1] SELECT SCHEMA_NAME from Information_schema.SCHEMATA where SCHEMA_NAME LIKE 'web%' ORDER BY SCHEMA_NAME='web' DESC,SCHEMA_NAME limit 1

2024/03/08 23:24:09 D:/project/goProject/ongoing_project/web/dao/db.go:9
[55.009ms] [rows:-] SELECT count(*) FROM information_schema.tables WHERE table_schema = 'web' AND table_name = 'users' AND table_type = 'BASE TABLE'

2024/03/08 23:24:09 D:/project/goProject/ongoing_project/web/dao/db.go:9
[87.945ms] [rows:0] CREATE TABLE `users` (`id` bigint unsigned AUTO_INCREMENT,`created_at` datetime(3) NULL,`updated_at` datetime(3) NULL,`deleted_at` datetime(3) NULL,`username` varchar(191) NOT NULL,`password` longtext NOT NULL,PRIMARY KEY (`id`),INDEX `idx_users_deleted_at` (`deleted_at`),CONSTRAINT `uni_users_username` UNIQUE (`username`))

2024/03/08 23:24:09 D:/project/goProject/ongoing_project/web/dao/db.go:9
[26.929ms] [rows:-] SELECT DATABASE()

2024/03/08 23:24:09 D:/project/goProject/ongoing_project/web/dao/db.go:9
[54.704ms] [rows:1] SELECT SCHEMA_NAME from Information_schema.SCHEMATA where SCHEMA_NAME LIKE 'web%' ORDER BY SCHEMA_NAME='web' DESC,SCHEMA_NAME limit 1

2024/03/08 23:24:09 D:/project/goProject/ongoing_project/web/dao/db.go:9
[55.492ms] [rows:-] SELECT count(*) FROM information_schema.tables WHERE table_schema = 'web' AND table_name = 'servers' AND table_type = 'BASE TABLE'

2024/03/08 23:24:09 D:/project/goProject/ongoing_project/web/dao/db.go:9
[75.013ms] [rows:0] CREATE TABLE `servers` (`id` bigint unsigned AUTO_INCREMENT,`created_at` datetime(3) NULL,`updated_at` datetime(3) NULL,`deleted_at` datetime(3) NULL,`server_address` longtext,`user_id` bigint unsigned,PRIMARY KEY (`id`),INDEX `idx_servers_deleted_at` (`deleted_at`),CONSTRAINT `fk_servers_user` FOREIGN KEY (`user_id`) REFERENCES `users`(`id`))

2024/03/08 23:24:09 D:/project/goProject/ongoing_project/web/dao/db.go:9
[27.005ms] [rows:-] SELECT DATABASE()

2024/03/08 23:24:09 D:/project/goProject/ongoing_project/web/dao/db.go:9
[54.510ms] [rows:1] SELECT SCHEMA_NAME from Information_schema.SCHEMATA where SCHEMA_NAME LIKE 'web%' ORDER BY SCHEMA_NAME='web' DESC,SCHEMA_NAME limit 1

2024/03/08 23:24:09 D:/project/goProject/ongoing_project/web/dao/db.go:9
[57.010ms] [rows:-] SELECT count(*) FROM information_schema.tables WHERE table_schema = 'web' AND table_name = 'repositories' AND table_type = 'BASE TABLE'

2024/03/08 23:24:09 D:/project/goProject/ongoing_project/web/dao/db.go:9 Error 1170 (42000): BLOB/TEXT column 'username' used in key specification without a key length
[28.505ms] [rows:0] CREATE TABLE `repositories` (`id` bigint unsigned AUTO_INCREMENT,`created_at` datetime(3) NULL,`updated_at` datetime(3) NULL,`deleted_at` datetime(3) NULL,`username` longtext NOT NULL,`password` longtext NOT NULL,`user_id` bigint unsigned,PRIMARY KEY (`id`),INDEX `idx_repositories_deleted_at` (`deleted_at`),UNIQUE INDEX `idx_repoUsername_userID` (`username`,`user_id`),CONSTRAINT `fk_repositories_user` FOREIGN KEY (`user_id`) REFERENCES `users`(`id`))

2024/03/08 23:26:27 D:/project/goProject/ongoing_project/web/dao/db.go:9
[46.008ms] [rows:-] SELECT DATABASE()

2024/03/08 23:26:27 D:/project/goProject/ongoing_project/web/dao/db.go:9
[68.044ms] [rows:1] SELECT SCHEMA_NAME from Information_schema.SCHEMATA where SCHEMA_NAME LIKE 'web%' ORDER BY SCHEMA_NAME='web' DESC,SCHEMA_NAME limit 1

2024/03/08 23:26:27 D:/project/goProject/ongoing_project/web/dao/db.go:9
[101.986ms] [rows:-] SELECT count(*) FROM information_schema.tables WHERE table_schema = 'web' AND table_name = 'users' AND table_type = 'BASE TABLE'

2024/03/08 23:26:27 D:/project/goProject/ongoing_project/web/dao/db.go:9
[39.007ms] [rows:-] SELECT DATABASE()

2024/03/08 23:26:28 D:/project/goProject/ongoing_project/web/dao/db.go:9
[75.130ms] [rows:1] SELECT SCHEMA_NAME from Information_schema.SCHEMATA where SCHEMA_NAME LIKE 'web%' ORDER BY SCHEMA_NAME='web' DESC,SCHEMA_NAME limit 1

2024/03/08 23:26:28 D:/project/goProject/ongoing_project/web/dao/db.go:9
[77.397ms] [rows:-] SELECT * FROM `users` LIMIT 1

2024/03/08 23:26:28 D:/project/goProject/ongoing_project/web/dao/db.go:9
[79.889ms] [rows:-] SELECT column_name, column_default, is_nullable = 'YES', data_type, character_maximum_length, column_type, column_key, extra, column_comment, numeric_precision, numeric_scale , datetime_precision FROM information_schema.columns WHERE table_schema = 'web' AND table_name = 'users' ORDER BY ORDINAL_POSITION

2024/03/08 23:26:28 
[44.906ms] [rows:-] SELECT DATABASE()

2024/03/08 23:26:28 
[95.379ms] [rows:1] SELECT SCHEMA_NAME from Information_schema.SCHEMATA where SCHEMA_NAME LIKE 'web%' ORDER BY SCHEMA_NAME='web' DESC,SCHEMA_NAME limit 1

2024/03/08 23:26:28 D:/project/goProject/ongoing_project/web/dao/db.go:9
[63.011ms] [rows:3] 
SELECT
	TABLE_NAME,
	COLUMN_NAME,
	INDEX_NAME,
	NON_UNIQUE 
FROM
	information_schema.STATISTICS 
WHERE
	TABLE_SCHEMA = 'web' 
	AND TABLE_NAME = 'users' 
ORDER BY
	INDEX_NAME,
	SEQ_IN_INDEX

2024/03/08 23:26:28 
[43.007ms] [rows:-] SELECT DATABASE()

2024/03/08 23:26:28 
[60.604ms] [rows:1] SELECT SCHEMA_NAME from Information_schema.SCHEMATA where SCHEMA_NAME LIKE 'web%' ORDER BY SCHEMA_NAME='web' DESC,SCHEMA_NAME limit 1

2024/03/08 23:26:28 
[60.508ms] [rows:-] SELECT count(*) FROM INFORMATION_SCHEMA.table_constraints WHERE constraint_schema = 'web' AND table_name = 'users' AND constraint_name = 'uni_users_username'

2024/03/08 23:26:28 D:/project/goProject/ongoing_project/web/dao/db.go:9
[30.506ms] [rows:-] SELECT DATABASE()

2024/03/08 23:26:28 D:/project/goProject/ongoing_project/web/dao/db.go:9
[60.981ms] [rows:1] SELECT SCHEMA_NAME from Information_schema.SCHEMATA where SCHEMA_NAME LIKE 'web%' ORDER BY SCHEMA_NAME='web' DESC,SCHEMA_NAME limit 1

2024/03/08 23:26:28 D:/project/goProject/ongoing_project/web/dao/db.go:9
[60.421ms] [rows:-] SELECT count(*) FROM information_schema.statistics WHERE table_schema = 'web' AND table_name = 'users' AND index_name = 'idx_users_deleted_at'

2024/03/08 23:26:28 D:/project/goProject/ongoing_project/web/dao/db.go:9
[29.989ms] [rows:-] SELECT DATABASE()

2024/03/08 23:26:28 D:/project/goProject/ongoing_project/web/dao/db.go:9
[60.675ms] [rows:1] SELECT SCHEMA_NAME from Information_schema.SCHEMATA where SCHEMA_NAME LIKE 'web%' ORDER BY SCHEMA_NAME='web' DESC,SCHEMA_NAME limit 1

2024/03/08 23:26:28 D:/project/goProject/ongoing_project/web/dao/db.go:9
[61.346ms] [rows:-] SELECT count(*) FROM information_schema.tables WHERE table_schema = 'web' AND table_name = 'servers' AND table_type = 'BASE TABLE'

2024/03/08 23:26:28 D:/project/goProject/ongoing_project/web/dao/db.go:9
[30.270ms] [rows:-] SELECT DATABASE()

2024/03/08 23:26:28 D:/project/goProject/ongoing_project/web/dao/db.go:9
[60.912ms] [rows:1] SELECT SCHEMA_NAME from Information_schema.SCHEMATA where SCHEMA_NAME LIKE 'web%' ORDER BY SCHEMA_NAME='web' DESC,SCHEMA_NAME limit 1

2024/03/08 23:26:29 D:/project/goProject/ongoing_project/web/dao/db.go:9
[85.499ms] [rows:-] SELECT * FROM `servers` LIMIT 1

2024/03/08 23:26:29 D:/project/goProject/ongoing_project/web/dao/db.go:9
[77.361ms] [rows:-] SELECT column_name, column_default, is_nullable = 'YES', data_type, character_maximum_length, column_type, column_key, extra, column_comment, numeric_precision, numeric_scale , datetime_precision FROM information_schema.columns WHERE table_schema = 'web' AND table_name = 'servers' ORDER BY ORDINAL_POSITION

2024/03/08 23:26:29 D:/project/goProject/ongoing_project/web/dao/db.go:9
[92.850ms] [rows:0] ALTER TABLE `servers` MODIFY COLUMN `server_address` longtext NOT NULL

2024/03/08 23:26:29 D:/project/goProject/ongoing_project/web/dao/db.go:9
[30.906ms] [rows:-] SELECT DATABASE()

2024/03/08 23:26:29 D:/project/goProject/ongoing_project/web/dao/db.go:9
[61.953ms] [rows:1] SELECT SCHEMA_NAME from Information_schema.SCHEMATA where SCHEMA_NAME LIKE 'web%' ORDER BY SCHEMA_NAME='web' DESC,SCHEMA_NAME limit 1

2024/03/08 23:26:29 D:/project/goProject/ongoing_project/web/dao/db.go:9
[61.948ms] [rows:-] SELECT count(*) FROM INFORMATION_SCHEMA.table_constraints WHERE constraint_schema = 'web' AND table_name = 'servers' AND constraint_name = 'fk_servers_user'

2024/03/08 23:26:29 D:/project/goProject/ongoing_project/web/dao/db.go:9
[36.848ms] [rows:-] SELECT DATABASE()

2024/03/08 23:26:29 D:/project/goProject/ongoing_project/web/dao/db.go:9
[71.430ms] [rows:1] SELECT SCHEMA_NAME from Information_schema.SCHEMATA where SCHEMA_NAME LIKE 'web%' ORDER BY SCHEMA_NAME='web' DESC,SCHEMA_NAME limit 1

2024/03/08 23:26:29 D:/project/goProject/ongoing_project/web/dao/db.go:9
[61.896ms] [rows:-] SELECT count(*) FROM information_schema.statistics WHERE table_schema = 'web' AND table_name = 'servers' AND index_name = 'idx_servers_deleted_at'

2024/03/08 23:26:29 D:/project/goProject/ongoing_project/web/dao/db.go:9
[31.006ms] [rows:-] SELECT DATABASE()

2024/03/08 23:26:29 D:/project/goProject/ongoing_project/web/dao/db.go:9
[61.925ms] [rows:1] SELECT SCHEMA_NAME from Information_schema.SCHEMATA where SCHEMA_NAME LIKE 'web%' ORDER BY SCHEMA_NAME='web' DESC,SCHEMA_NAME limit 1

2024/03/08 23:26:29 D:/project/goProject/ongoing_project/web/dao/db.go:9
[62.011ms] [rows:-] SELECT count(*) FROM information_schema.tables WHERE table_schema = 'web' AND table_name = 'repositories' AND table_type = 'BASE TABLE'

2024/03/08 23:26:29 D:/project/goProject/ongoing_project/web/dao/db.go:9 Error 1170 (42000): BLOB/TEXT column 'repo_username' used in key specification without a key length
[36.909ms] [rows:0] CREATE TABLE `repositories` (`id` bigint unsigned AUTO_INCREMENT,`created_at` datetime(3) NULL,`updated_at` datetime(3) NULL,`deleted_at` datetime(3) NULL,`repo_username` longtext NOT NULL,`repo_password` longtext NOT NULL,`user_id` bigint unsigned,PRIMARY KEY (`id`),INDEX `idx_repositories_deleted_at` (`deleted_at`),UNIQUE INDEX `idx_repoUsername_userID` (`repo_username`,`user_id`),CONSTRAINT `fk_repositories_user` FOREIGN KEY (`user_id`) REFERENCES `users`(`id`))

2024/03/08 23:30:15 D:/project/goProject/ongoing_project/web/dao/db.go:9
[28.505ms] [rows:-] SELECT DATABASE()

2024/03/08 23:30:15 D:/project/goProject/ongoing_project/web/dao/db.go:9
[57.011ms] [rows:1] SELECT SCHEMA_NAME from Information_schema.SCHEMATA where SCHEMA_NAME LIKE 'web%' ORDER BY SCHEMA_NAME='web' DESC,SCHEMA_NAME limit 1

2024/03/08 23:30:15 D:/project/goProject/ongoing_project/web/dao/db.go:9
[56.509ms] [rows:-] SELECT count(*) FROM information_schema.tables WHERE table_schema = 'web' AND table_name = 'users' AND table_type = 'BASE TABLE'

2024/03/08 23:30:15 D:/project/goProject/ongoing_project/web/dao/db.go:9
[66.012ms] [rows:0] CREATE TABLE `users` (`id` bigint unsigned AUTO_INCREMENT,`created_at` datetime(3) NULL,`updated_at` datetime(3) NULL,`deleted_at` datetime(3) NULL,`username` varchar(20) NOT NULL,`password` varchar(20) NOT NULL,PRIMARY KEY (`id`),INDEX `idx_users_deleted_at` (`deleted_at`),CONSTRAINT `uni_users_username` UNIQUE (`username`))

2024/03/08 23:30:15 D:/project/goProject/ongoing_project/web/dao/db.go:9
[27.936ms] [rows:-] SELECT DATABASE()

2024/03/08 23:30:15 D:/project/goProject/ongoing_project/web/dao/db.go:9
[56.749ms] [rows:1] SELECT SCHEMA_NAME from Information_schema.SCHEMATA where SCHEMA_NAME LIKE 'web%' ORDER BY SCHEMA_NAME='web' DESC,SCHEMA_NAME limit 1

2024/03/08 23:30:15 D:/project/goProject/ongoing_project/web/dao/db.go:9
[56.509ms] [rows:-] SELECT count(*) FROM information_schema.tables WHERE table_schema = 'web' AND table_name = 'servers' AND table_type = 'BASE TABLE'

2024/03/08 23:30:15 D:/project/goProject/ongoing_project/web/dao/db.go:9
[78.514ms] [rows:0] CREATE TABLE `servers` (`id` bigint unsigned AUTO_INCREMENT,`created_at` datetime(3) NULL,`updated_at` datetime(3) NULL,`deleted_at` datetime(3) NULL,`server_address` varchar(256) NOT NULL,`user_id` bigint unsigned,PRIMARY KEY (`id`),INDEX `idx_servers_deleted_at` (`deleted_at`),CONSTRAINT `fk_servers_user` FOREIGN KEY (`user_id`) REFERENCES `users`(`id`))

2024/03/08 23:30:15 D:/project/goProject/ongoing_project/web/dao/db.go:9
[27.759ms] [rows:-] SELECT DATABASE()

2024/03/08 23:30:16 D:/project/goProject/ongoing_project/web/dao/db.go:9
[57.053ms] [rows:1] SELECT SCHEMA_NAME from Information_schema.SCHEMATA where SCHEMA_NAME LIKE 'web%' ORDER BY SCHEMA_NAME='web' DESC,SCHEMA_NAME limit 1

2024/03/08 23:30:16 D:/project/goProject/ongoing_project/web/dao/db.go:9
[56.469ms] [rows:-] SELECT count(*) FROM information_schema.tables WHERE table_schema = 'web' AND table_name = 'repositories' AND table_type = 'BASE TABLE'

2024/03/08 23:30:16 D:/project/goProject/ongoing_project/web/dao/db.go:9
[80.014ms] [rows:0] CREATE TABLE `repositories` (`id` bigint unsigned AUTO_INCREMENT,`created_at` datetime(3) NULL,`updated_at` datetime(3) NULL,`deleted_at` datetime(3) NULL,`repo_username` varchar(256) NOT NULL,`repo_password` varchar(256) NOT NULL,`user_id` bigint unsigned,PRIMARY KEY (`id`),INDEX `idx_repositories_deleted_at` (`deleted_at`),UNIQUE INDEX `idx_repoUsername_userID` (`repo_username`,`user_id`),CONSTRAINT `fk_repositories_user` FOREIGN KEY (`user_id`) REFERENCES `users`(`id`))
[GIN-debug] GET    /containers               --> web/web_server.containersList (5 handlers)
[GIN-debug] GET    /containers/all           --> web/web_server.containersListAll (5 handlers)
[GIN-debug] POST   /container/create         --> web/web_server.containerCreate (5 handlers)
[GIN-debug] POST   /container/start          --> web/web_server.containerStart (5 handlers)
[GIN-debug] POST   /container/stop           --> web/web_server.containerStop (5 handlers)
[GIN-debug] POST   /container/kill           --> web/web_server.containerKill (5 handlers)
[GIN-debug] POST   /container/remove         --> web/web_server.containerRemove (5 handlers)
[GIN-debug] POST   /container/search         --> web/web_server.containerSearch (5 handlers)
[GIN-debug] GET    /images                   --> web/web_server.imageList (5 handlers)
[GIN-debug] GET    /images/all               --> web/web_server.imageListAll (5 handlers)
[GIN-debug] POST   /image/buildByFile        --> web/web_server.imageBuildByFile (5 handlers)
[GIN-debug] POST   /image/tag/remove         --> web/web_server.imageTagRemove (5 handlers)
[GIN-debug] POST   /image/removeByID         --> web/web_server.imageRemoveByID (5 handlers)
[GIN-debug] POST   /image/tag/rename         --> web/web_server.imageTagRename (5 handlers)
[GIN-debug] POST   /images/search/repository --> web/web_server.imagesSearchRepository (5 handlers)
[GIN-debug] POST   /images/search/local      --> web/web_server.imagesSearchLocal (5 handlers)
[GIN-debug] POST   /image/addTag             --> web/web_server.imageAddTag (5 handlers)
[GIN-debug] POST   /images/export            --> web/web_server.imagesExport (5 handlers)
[GIN-debug] POST   /images/load              --> web/web_server.imagesLoad (5 handlers)
[GIN-debug] POST   /image/pull               --> web/web_server.imagePull (5 handlers)
[GIN-debug] POST   /image/push               --> web/web_server.imagePush (5 handlers)
[GIN-debug] POST   /repository/login         --> web/web_server.repositoryLogin (5 handlers)
[GIN-debug] POST   /repository/logout        --> web/web_server.repositoryLogout (5 handlers)
[GIN-debug] GET    /repositories/list        --> web/web_server.repositoriesList (5 handlers)
[GIN-debug] POST   /user/addServer           --> web/web_server.userAddServer (4 handlers)
[GIN-debug] POST   /user/removeServer        --> web/web_server.userRemoveServer (4 handlers)
[GIN-debug] GET    /user/listAllServer       --> web/web_server.userListAllServer (4 handlers)
[GIN-debug] POST   /user/login               --> web/web_server.userLogin (3 handlers)
[GIN-debug] POST   /user/register            --> web/web_server.userRegister (3 handlers)
[GIN-debug] [WARNING] You trusted all proxies, this is NOT safe. We recommend you to set a value.
Please check https://pkg.go.dev/github.com/gin-gonic/gin#readme-don-t-trust-all-proxies for details.
[GIN-debug] Listening and serving HTTP on :80

2024/03/08 23:49:58 D:/project/goProject/ongoing_project/web/dao/db.go:18 record not found
[61.512ms] [rows:0] SELECT * FROM `users` WHERE username = 'root' AND `users`.`deleted_at` IS NULL ORDER BY `users`.`id` LIMIT 1
[GIN] 2024/03/08 - 23:49:58 | 400 |     62.0123ms |       127.0.0.1 | POST     "/user/login"

2024/03/08 23:50:24 D:/project/goProject/ongoing_project/web/dao/db.go:18 record not found
[57.249ms] [rows:0] SELECT * FROM `users` WHERE username = 'root' AND `users`.`deleted_at` IS NULL ORDER BY `users`.`id` LIMIT 1

2024/03/08 23:50:24 D:/project/goProject/ongoing_project/web/dao/db.go:34
[147.788ms] [rows:1] INSERT INTO `users` (`created_at`,`updated_at`,`deleted_at`,`username`,`password`) VALUES ('2024-03-08 23:50:24.526','2024-03-08 23:50:24.526',NULL,'root','1')
[GIN] 2024/03/08 - 23:50:24 | 200 |    205.3191ms |       127.0.0.1 | POST     "/user/register"

2024/03/08 23:50:28 D:/project/goProject/ongoing_project/web/dao/db.go:18
[57.194ms] [rows:1] SELECT * FROM `users` WHERE username = 'root' AND `users`.`deleted_at` IS NULL ORDER BY `users`.`id` LIMIT 1
[GIN] 2024/03/08 - 23:50:28 | 200 |    192.0344ms |       127.0.0.1 | POST     "/user/login"

2024/03/08 23:50:40 D:/project/goProject/ongoing_project/web/dao/db.go:86
[56.510ms] [rows:1] SELECT * FROM `users` WHERE username = 'root' AND `users`.`deleted_at` IS NULL ORDER BY `users`.`id` LIMIT 1

2024/03/08 23:50:40 D:/project/goProject/ongoing_project/web/dao/db.go:92
[57.422ms] [rows:0] SELECT * FROM `servers` WHERE user_id = 1 AND `servers`.`deleted_at` IS NULL
[GIN] 2024/03/08 - 23:50:40 | 200 |    222.0395ms |       127.0.0.1 | GET      "/user/listAllServer"
[GIN] 2024/03/08 - 23:53:16 | 200 |    113.5185ms |       127.0.0.1 | GET      "/containers?server=192.168.30.123:2376"

2024/03/09 11:41:32 D:/project/goProject/ongoing_project/web/dao/db.go:9
[31.006ms] [rows:-] SELECT DATABASE()

2024/03/09 11:41:32 D:/project/goProject/ongoing_project/web/dao/db.go:9
[61.086ms] [rows:1] SELECT SCHEMA_NAME from Information_schema.SCHEMATA where SCHEMA_NAME LIKE 'web%' ORDER BY SCHEMA_NAME='web' DESC,SCHEMA_NAME limit 1

2024/03/09 11:41:32 D:/project/goProject/ongoing_project/web/dao/db.go:9
[60.435ms] [rows:-] SELECT count(*) FROM information_schema.tables WHERE table_schema = 'web' AND table_name = 'users' AND table_type = 'BASE TABLE'

2024/03/09 11:41:33 D:/project/goProject/ongoing_project/web/dao/db.go:9
[29.606ms] [rows:-] SELECT DATABASE()

2024/03/09 11:41:33 D:/project/goProject/ongoing_project/web/dao/db.go:9
[60.323ms] [rows:1] SELECT SCHEMA_NAME from Information_schema.SCHEMATA where SCHEMA_NAME LIKE 'web%' ORDER BY SCHEMA_NAME='web' DESC,SCHEMA_NAME limit 1

2024/03/09 11:41:33 D:/project/goProject/ongoing_project/web/dao/db.go:9
[59.953ms] [rows:-] SELECT * FROM `users` LIMIT 1

2024/03/09 11:41:33 D:/project/goProject/ongoing_project/web/dao/db.go:9
[61.010ms] [rows:-] SELECT column_name, column_default, is_nullable = 'YES', data_type, character_maximum_length, column_type, column_key, extra, column_comment, numeric_precision, numeric_scale , datetime_precision FROM information_schema.columns WHERE table_schema = 'web' AND table_name = 'users' ORDER BY ORDINAL_POSITION

2024/03/09 11:41:33 
[30.006ms] [rows:-] SELECT DATABASE()

2024/03/09 11:41:33 
[60.510ms] [rows:1] SELECT SCHEMA_NAME from Information_schema.SCHEMATA where SCHEMA_NAME LIKE 'web%' ORDER BY SCHEMA_NAME='web' DESC,SCHEMA_NAME limit 1

2024/03/09 11:41:33 D:/project/goProject/ongoing_project/web/dao/db.go:9
[60.477ms] [rows:3] 
SELECT
	TABLE_NAME,
	COLUMN_NAME,
	INDEX_NAME,
	NON_UNIQUE 
FROM
	information_schema.STATISTICS 
WHERE
	TABLE_SCHEMA = 'web' 
	AND TABLE_NAME = 'users' 
ORDER BY
	INDEX_NAME,
	SEQ_IN_INDEX

2024/03/09 11:41:33 
[29.506ms] [rows:-] SELECT DATABASE()

2024/03/09 11:41:33 
[59.826ms] [rows:1] SELECT SCHEMA_NAME from Information_schema.SCHEMATA where SCHEMA_NAME LIKE 'web%' ORDER BY SCHEMA_NAME='web' DESC,SCHEMA_NAME limit 1

2024/03/09 11:41:33 
[59.512ms] [rows:-] SELECT count(*) FROM INFORMATION_SCHEMA.table_constraints WHERE constraint_schema = 'web' AND table_name = 'users' AND constraint_name = 'uni_users_username'

2024/03/09 11:41:33 D:/project/goProject/ongoing_project/web/dao/db.go:9
[29.505ms] [rows:-] SELECT DATABASE()

2024/03/09 11:41:33 D:/project/goProject/ongoing_project/web/dao/db.go:9
[59.511ms] [rows:1] SELECT SCHEMA_NAME from Information_schema.SCHEMATA where SCHEMA_NAME LIKE 'web%' ORDER BY SCHEMA_NAME='web' DESC,SCHEMA_NAME limit 1

2024/03/09 11:41:33 D:/project/goProject/ongoing_project/web/dao/db.go:9
[60.010ms] [rows:-] SELECT count(*) FROM information_schema.statistics WHERE table_schema = 'web' AND table_name = 'users' AND index_name = 'idx_users_deleted_at'

2024/03/09 11:41:33 D:/project/goProject/ongoing_project/web/dao/db.go:9
[29.506ms] [rows:-] SELECT DATABASE()

2024/03/09 11:41:33 D:/project/goProject/ongoing_project/web/dao/db.go:9
[60.011ms] [rows:1] SELECT SCHEMA_NAME from Information_schema.SCHEMATA where SCHEMA_NAME LIKE 'web%' ORDER BY SCHEMA_NAME='web' DESC,SCHEMA_NAME limit 1

2024/03/09 11:41:33 D:/project/goProject/ongoing_project/web/dao/db.go:9
[60.011ms] [rows:-] SELECT count(*) FROM information_schema.tables WHERE table_schema = 'web' AND table_name = 'servers' AND table_type = 'BASE TABLE'

2024/03/09 11:41:33 D:/project/goProject/ongoing_project/web/dao/db.go:9
[29.505ms] [rows:-] SELECT DATABASE()

2024/03/09 11:41:33 D:/project/goProject/ongoing_project/web/dao/db.go:9
[60.011ms] [rows:1] SELECT SCHEMA_NAME from Information_schema.SCHEMATA where SCHEMA_NAME LIKE 'web%' ORDER BY SCHEMA_NAME='web' DESC,SCHEMA_NAME limit 1

2024/03/09 11:41:33 D:/project/goProject/ongoing_project/web/dao/db.go:9
[59.511ms] [rows:-] SELECT * FROM `servers` LIMIT 1

2024/03/09 11:41:34 D:/project/goProject/ongoing_project/web/dao/db.go:9
[60.353ms] [rows:-] SELECT column_name, column_default, is_nullable = 'YES', data_type, character_maximum_length, column_type, column_key, extra, column_comment, numeric_precision, numeric_scale , datetime_precision FROM information_schema.columns WHERE table_schema = 'web' AND table_name = 'servers' ORDER BY ORDINAL_POSITION

2024/03/09 11:41:34 D:/project/goProject/ongoing_project/web/dao/db.go:9
[29.505ms] [rows:-] SELECT DATABASE()

2024/03/09 11:41:34 D:/project/goProject/ongoing_project/web/dao/db.go:9
[59.511ms] [rows:1] SELECT SCHEMA_NAME from Information_schema.SCHEMATA where SCHEMA_NAME LIKE 'web%' ORDER BY SCHEMA_NAME='web' DESC,SCHEMA_NAME limit 1

2024/03/09 11:41:34 D:/project/goProject/ongoing_project/web/dao/db.go:9
[59.511ms] [rows:-] SELECT count(*) FROM INFORMATION_SCHEMA.table_constraints WHERE constraint_schema = 'web' AND table_name = 'servers' AND constraint_name = 'fk_servers_user'

2024/03/09 11:41:34 D:/project/goProject/ongoing_project/web/dao/db.go:9
[30.005ms] [rows:-] SELECT DATABASE()

2024/03/09 11:41:34 D:/project/goProject/ongoing_project/web/dao/db.go:9
[59.633ms] [rows:1] SELECT SCHEMA_NAME from Information_schema.SCHEMATA where SCHEMA_NAME LIKE 'web%' ORDER BY SCHEMA_NAME='web' DESC,SCHEMA_NAME limit 1

2024/03/09 11:41:34 D:/project/goProject/ongoing_project/web/dao/db.go:9
[59.717ms] [rows:-] SELECT count(*) FROM information_schema.statistics WHERE table_schema = 'web' AND table_name = 'servers' AND index_name = 'idx_servers_deleted_at'

2024/03/09 11:41:34 D:/project/goProject/ongoing_project/web/dao/db.go:9
[29.140ms] [rows:-] SELECT DATABASE()

2024/03/09 11:41:34 D:/project/goProject/ongoing_project/web/dao/db.go:9
[59.511ms] [rows:1] SELECT SCHEMA_NAME from Information_schema.SCHEMATA where SCHEMA_NAME LIKE 'web%' ORDER BY SCHEMA_NAME='web' DESC,SCHEMA_NAME limit 1

2024/03/09 11:41:34 D:/project/goProject/ongoing_project/web/dao/db.go:9
[60.012ms] [rows:-] SELECT count(*) FROM information_schema.tables WHERE table_schema = 'web' AND table_name = 'repositories' AND table_type = 'BASE TABLE'

2024/03/09 11:41:34 D:/project/goProject/ongoing_project/web/dao/db.go:9
[29.327ms] [rows:-] SELECT DATABASE()

2024/03/09 11:41:34 D:/project/goProject/ongoing_project/web/dao/db.go:9
[59.494ms] [rows:1] SELECT SCHEMA_NAME from Information_schema.SCHEMATA where SCHEMA_NAME LIKE 'web%' ORDER BY SCHEMA_NAME='web' DESC,SCHEMA_NAME limit 1

2024/03/09 11:41:34 D:/project/goProject/ongoing_project/web/dao/db.go:9
[60.011ms] [rows:-] SELECT * FROM `repositories` LIMIT 1

2024/03/09 11:41:34 D:/project/goProject/ongoing_project/web/dao/db.go:9
[60.078ms] [rows:-] SELECT column_name, column_default, is_nullable = 'YES', data_type, character_maximum_length, column_type, column_key, extra, column_comment, numeric_precision, numeric_scale , datetime_precision FROM information_schema.columns WHERE table_schema = 'web' AND table_name = 'repositories' ORDER BY ORDINAL_POSITION

2024/03/09 11:41:34 D:/project/goProject/ongoing_project/web/dao/db.go:9
[29.505ms] [rows:-] SELECT DATABASE()

2024/03/09 11:41:34 D:/project/goProject/ongoing_project/web/dao/db.go:9
[59.824ms] [rows:1] SELECT SCHEMA_NAME from Information_schema.SCHEMATA where SCHEMA_NAME LIKE 'web%' ORDER BY SCHEMA_NAME='web' DESC,SCHEMA_NAME limit 1

2024/03/09 11:41:34 D:/project/goProject/ongoing_project/web/dao/db.go:9
[59.511ms] [rows:-] SELECT count(*) FROM INFORMATION_SCHEMA.table_constraints WHERE constraint_schema = 'web' AND table_name = 'repositories' AND constraint_name = 'fk_repositories_user'

2024/03/09 11:41:34 D:/project/goProject/ongoing_project/web/dao/db.go:9
[29.468ms] [rows:-] SELECT DATABASE()

2024/03/09 11:41:34 D:/project/goProject/ongoing_project/web/dao/db.go:9
[60.059ms] [rows:1] SELECT SCHEMA_NAME from Information_schema.SCHEMATA where SCHEMA_NAME LIKE 'web%' ORDER BY SCHEMA_NAME='web' DESC,SCHEMA_NAME limit 1

2024/03/09 11:41:34 D:/project/goProject/ongoing_project/web/dao/db.go:9
[59.811ms] [rows:-] SELECT count(*) FROM information_schema.statistics WHERE table_schema = 'web' AND table_name = 'repositories' AND index_name = 'idx_repositories_deleted_at'

2024/03/09 11:41:34 D:/project/goProject/ongoing_project/web/dao/db.go:9
[29.432ms] [rows:-] SELECT DATABASE()

2024/03/09 11:41:35 D:/project/goProject/ongoing_project/web/dao/db.go:9
[64.657ms] [rows:1] SELECT SCHEMA_NAME from Information_schema.SCHEMATA where SCHEMA_NAME LIKE 'web%' ORDER BY SCHEMA_NAME='web' DESC,SCHEMA_NAME limit 1

2024/03/09 11:41:35 D:/project/goProject/ongoing_project/web/dao/db.go:9
[59.662ms] [rows:-] SELECT count(*) FROM information_schema.statistics WHERE table_schema = 'web' AND table_name = 'repositories' AND index_name = 'idx_repoUsername_userID'
[GIN-debug] GET    /containers               --> web/web_server.containersList (5 handlers)
[GIN-debug] GET    /containers/all           --> web/web_server.containersListAll (5 handlers)
[GIN-debug] POST   /container/create         --> web/web_server.containerCreate (5 handlers)
[GIN-debug] POST   /container/start          --> web/web_server.containerStart (5 handlers)
[GIN-debug] POST   /container/stop           --> web/web_server.containerStop (5 handlers)
[GIN-debug] POST   /container/kill           --> web/web_server.containerKill (5 handlers)
[GIN-debug] POST   /container/remove         --> web/web_server.containerRemove (5 handlers)
[GIN-debug] POST   /container/search         --> web/web_server.containerSearch (5 handlers)
[GIN-debug] GET    /images                   --> web/web_server.imageList (5 handlers)
[GIN-debug] GET    /images/all               --> web/web_server.imageListAll (5 handlers)
[GIN-debug] POST   /image/buildByFile        --> web/web_server.imageBuildByFile (5 handlers)
[GIN-debug] POST   /image/tag/remove         --> web/web_server.imageTagRemove (5 handlers)
[GIN-debug] POST   /image/removeByID         --> web/web_server.imageRemoveByID (5 handlers)
[GIN-debug] POST   /image/tag/rename         --> web/web_server.imageTagRename (5 handlers)
[GIN-debug] POST   /images/search/repository --> web/web_server.imagesSearchRepository (5 handlers)
[GIN-debug] POST   /images/search/local      --> web/web_server.imagesSearchLocal (5 handlers)
[GIN-debug] POST   /image/addTag             --> web/web_server.imageAddTag (5 handlers)
[GIN-debug] POST   /images/export            --> web/web_server.imagesExport (5 handlers)
[GIN-debug] POST   /images/load              --> web/web_server.imagesLoad (5 handlers)
[GIN-debug] POST   /image/pull               --> web/web_server.imagePull (5 handlers)
[GIN-debug] POST   /image/push               --> web/web_server.imagePush (5 handlers)
[GIN-debug] POST   /repository/login         --> web/web_server.repositoryLogin (5 handlers)
[GIN-debug] POST   /repository/logout        --> web/web_server.repositoryLogout (5 handlers)
[GIN-debug] GET    /repositories/list        --> web/web_server.repositoriesList (5 handlers)
[GIN-debug] POST   /user/addServer           --> web/web_server.userAddServer (4 handlers)
[GIN-debug] POST   /user/removeServer        --> web/web_server.userRemoveServer (4 handlers)
[GIN-debug] GET    /user/listAllServer       --> web/web_server.userListAllServer (4 handlers)
[GIN-debug] POST   /user/login               --> web/web_server.userLogin (3 handlers)
[GIN-debug] POST   /user/register            --> web/web_server.userRegister (3 handlers)
[GIN-debug] Listening and serving HTTPS on :443
[GIN-debug] [WARNING] You trusted all proxies, this is NOT safe. We recommend you to set a value.
Please check https://pkg.go.dev/github.com/gin-gonic/gin#readme-don-t-trust-all-proxies for details.

2024/03/09 11:42:07 D:/project/goProject/ongoing_project/web/dao/db.go:9
[29.005ms] [rows:-] SELECT DATABASE()

2024/03/09 11:42:07 D:/project/goProject/ongoing_project/web/dao/db.go:9
[60.509ms] [rows:1] SELECT SCHEMA_NAME from Information_schema.SCHEMATA where SCHEMA_NAME LIKE 'web%' ORDER BY SCHEMA_NAME='web' DESC,SCHEMA_NAME limit 1

2024/03/09 11:42:07 D:/project/goProject/ongoing_project/web/dao/db.go:9
[57.511ms] [rows:-] SELECT count(*) FROM information_schema.tables WHERE table_schema = 'web' AND table_name = 'users' AND table_type = 'BASE TABLE'

2024/03/09 11:42:07 D:/project/goProject/ongoing_project/web/dao/db.go:9
[28.505ms] [rows:-] SELECT DATABASE()

2024/03/09 11:42:07 D:/project/goProject/ongoing_project/web/dao/db.go:9
[58.510ms] [rows:1] SELECT SCHEMA_NAME from Information_schema.SCHEMATA where SCHEMA_NAME LIKE 'web%' ORDER BY SCHEMA_NAME='web' DESC,SCHEMA_NAME limit 1

2024/03/09 11:42:07 D:/project/goProject/ongoing_project/web/dao/db.go:9
[67.512ms] [rows:-] SELECT * FROM `users` LIMIT 1

2024/03/09 11:42:08 D:/project/goProject/ongoing_project/web/dao/db.go:9
[64.908ms] [rows:-] SELECT column_name, column_default, is_nullable = 'YES', data_type, character_maximum_length, column_type, column_key, extra, column_comment, numeric_precision, numeric_scale , datetime_precision FROM information_schema.columns WHERE table_schema = 'web' AND table_name = 'users' ORDER BY ORDINAL_POSITION

2024/03/09 11:42:08 
[28.521ms] [rows:-] SELECT DATABASE()

2024/03/09 11:42:08 
[57.409ms] [rows:1] SELECT SCHEMA_NAME from Information_schema.SCHEMATA where SCHEMA_NAME LIKE 'web%' ORDER BY SCHEMA_NAME='web' DESC,SCHEMA_NAME limit 1

2024/03/09 11:42:08 D:/project/goProject/ongoing_project/web/dao/db.go:9
[63.011ms] [rows:3] 
SELECT
	TABLE_NAME,
	COLUMN_NAME,
	INDEX_NAME,
	NON_UNIQUE 
FROM
	information_schema.STATISTICS 
WHERE
	TABLE_SCHEMA = 'web' 
	AND TABLE_NAME = 'users' 
ORDER BY
	INDEX_NAME,
	SEQ_IN_INDEX

2024/03/09 11:42:08 
[29.006ms] [rows:-] SELECT DATABASE()

2024/03/09 11:42:08 
[57.521ms] [rows:1] SELECT SCHEMA_NAME from Information_schema.SCHEMATA where SCHEMA_NAME LIKE 'web%' ORDER BY SCHEMA_NAME='web' DESC,SCHEMA_NAME limit 1

2024/03/09 11:42:08 
[56.852ms] [rows:-] SELECT count(*) FROM INFORMATION_SCHEMA.table_constraints WHERE constraint_schema = 'web' AND table_name = 'users' AND constraint_name = 'uni_users_username'

2024/03/09 11:42:08 D:/project/goProject/ongoing_project/web/dao/db.go:9
[28.005ms] [rows:-] SELECT DATABASE()

2024/03/09 11:42:08 D:/project/goProject/ongoing_project/web/dao/db.go:9
[57.099ms] [rows:1] SELECT SCHEMA_NAME from Information_schema.SCHEMATA where SCHEMA_NAME LIKE 'web%' ORDER BY SCHEMA_NAME='web' DESC,SCHEMA_NAME limit 1

2024/03/09 11:42:08 D:/project/goProject/ongoing_project/web/dao/db.go:9
[58.513ms] [rows:-] SELECT count(*) FROM information_schema.statistics WHERE table_schema = 'web' AND table_name = 'users' AND index_name = 'idx_users_deleted_at'

2024/03/09 11:42:08 D:/project/goProject/ongoing_project/web/dao/db.go:9
[30.504ms] [rows:-] SELECT DATABASE()

2024/03/09 11:42:08 D:/project/goProject/ongoing_project/web/dao/db.go:9
[58.343ms] [rows:1] SELECT SCHEMA_NAME from Information_schema.SCHEMATA where SCHEMA_NAME LIKE 'web%' ORDER BY SCHEMA_NAME='web' DESC,SCHEMA_NAME limit 1

2024/03/09 11:42:08 D:/project/goProject/ongoing_project/web/dao/db.go:9
[57.510ms] [rows:-] SELECT count(*) FROM information_schema.tables WHERE table_schema = 'web' AND table_name = 'servers' AND table_type = 'BASE TABLE'

2024/03/09 11:42:08 D:/project/goProject/ongoing_project/web/dao/db.go:9
[28.438ms] [rows:-] SELECT DATABASE()

2024/03/09 11:42:08 D:/project/goProject/ongoing_project/web/dao/db.go:9
[61.078ms] [rows:1] SELECT SCHEMA_NAME from Information_schema.SCHEMATA where SCHEMA_NAME LIKE 'web%' ORDER BY SCHEMA_NAME='web' DESC,SCHEMA_NAME limit 1

2024/03/09 11:42:08 D:/project/goProject/ongoing_project/web/dao/db.go:9
[56.331ms] [rows:-] SELECT * FROM `servers` LIMIT 1

2024/03/09 11:42:08 D:/project/goProject/ongoing_project/web/dao/db.go:9
[57.510ms] [rows:-] SELECT column_name, column_default, is_nullable = 'YES', data_type, character_maximum_length, column_type, column_key, extra, column_comment, numeric_precision, numeric_scale , datetime_precision FROM information_schema.columns WHERE table_schema = 'web' AND table_name = 'servers' ORDER BY ORDINAL_POSITION

2024/03/09 11:42:08 D:/project/goProject/ongoing_project/web/dao/db.go:9
[28.005ms] [rows:-] SELECT DATABASE()

2024/03/09 11:42:08 D:/project/goProject/ongoing_project/web/dao/db.go:9
[57.011ms] [rows:1] SELECT SCHEMA_NAME from Information_schema.SCHEMATA where SCHEMA_NAME LIKE 'web%' ORDER BY SCHEMA_NAME='web' DESC,SCHEMA_NAME limit 1

2024/03/09 11:42:08 D:/project/goProject/ongoing_project/web/dao/db.go:9
[56.509ms] [rows:-] SELECT count(*) FROM INFORMATION_SCHEMA.table_constraints WHERE constraint_schema = 'web' AND table_name = 'servers' AND constraint_name = 'fk_servers_user'

2024/03/09 11:42:09 D:/project/goProject/ongoing_project/web/dao/db.go:9
[27.989ms] [rows:-] SELECT DATABASE()

2024/03/09 11:42:09 D:/project/goProject/ongoing_project/web/dao/db.go:9
[56.324ms] [rows:1] SELECT SCHEMA_NAME from Information_schema.SCHEMATA where SCHEMA_NAME LIKE 'web%' ORDER BY SCHEMA_NAME='web' DESC,SCHEMA_NAME limit 1

2024/03/09 11:42:09 D:/project/goProject/ongoing_project/web/dao/db.go:9
[57.010ms] [rows:-] SELECT count(*) FROM information_schema.statistics WHERE table_schema = 'web' AND table_name = 'servers' AND index_name = 'idx_servers_deleted_at'

2024/03/09 11:42:09 D:/project/goProject/ongoing_project/web/dao/db.go:9
[27.988ms] [rows:-] SELECT DATABASE()

2024/03/09 11:42:09 D:/project/goProject/ongoing_project/web/dao/db.go:9
[57.331ms] [rows:1] SELECT SCHEMA_NAME from Information_schema.SCHEMATA where SCHEMA_NAME LIKE 'web%' ORDER BY SCHEMA_NAME='web' DESC,SCHEMA_NAME limit 1

2024/03/09 11:42:09 D:/project/goProject/ongoing_project/web/dao/db.go:9
[56.990ms] [rows:-] SELECT count(*) FROM information_schema.tables WHERE table_schema = 'web' AND table_name = 'repositories' AND table_type = 'BASE TABLE'

2024/03/09 11:42:09 D:/project/goProject/ongoing_project/web/dao/db.go:9
[28.505ms] [rows:-] SELECT DATABASE()

2024/03/09 11:42:09 D:/project/goProject/ongoing_project/web/dao/db.go:9
[56.882ms] [rows:1] SELECT SCHEMA_NAME from Information_schema.SCHEMATA where SCHEMA_NAME LIKE 'web%' ORDER BY SCHEMA_NAME='web' DESC,SCHEMA_NAME limit 1

2024/03/09 11:42:09 D:/project/goProject/ongoing_project/web/dao/db.go:9
[57.011ms] [rows:-] SELECT * FROM `repositories` LIMIT 1

2024/03/09 11:42:09 D:/project/goProject/ongoing_project/web/dao/db.go:9
[57.752ms] [rows:-] SELECT column_name, column_default, is_nullable = 'YES', data_type, character_maximum_length, column_type, column_key, extra, column_comment, numeric_precision, numeric_scale , datetime_precision FROM information_schema.columns WHERE table_schema = 'web' AND table_name = 'repositories' ORDER BY ORDINAL_POSITION

2024/03/09 11:42:09 D:/project/goProject/ongoing_project/web/dao/db.go:9
[28.005ms] [rows:-] SELECT DATABASE()

2024/03/09 11:42:09 D:/project/goProject/ongoing_project/web/dao/db.go:9
[56.847ms] [rows:1] SELECT SCHEMA_NAME from Information_schema.SCHEMATA where SCHEMA_NAME LIKE 'web%' ORDER BY SCHEMA_NAME='web' DESC,SCHEMA_NAME limit 1

2024/03/09 11:42:09 D:/project/goProject/ongoing_project/web/dao/db.go:9
[56.674ms] [rows:-] SELECT count(*) FROM INFORMATION_SCHEMA.table_constraints WHERE constraint_schema = 'web' AND table_name = 'repositories' AND constraint_name = 'fk_repositories_user'

2024/03/09 11:42:09 D:/project/goProject/ongoing_project/web/dao/db.go:9
[28.149ms] [rows:-] SELECT DATABASE()

2024/03/09 11:42:09 D:/project/goProject/ongoing_project/web/dao/db.go:9
[56.847ms] [rows:1] SELECT SCHEMA_NAME from Information_schema.SCHEMATA where SCHEMA_NAME LIKE 'web%' ORDER BY SCHEMA_NAME='web' DESC,SCHEMA_NAME limit 1

2024/03/09 11:42:09 D:/project/goProject/ongoing_project/web/dao/db.go:9
[57.174ms] [rows:-] SELECT count(*) FROM information_schema.statistics WHERE table_schema = 'web' AND table_name = 'repositories' AND index_name = 'idx_repositories_deleted_at'

2024/03/09 11:42:09 D:/project/goProject/ongoing_project/web/dao/db.go:9
[27.732ms] [rows:-] SELECT DATABASE()

2024/03/09 11:42:09 D:/project/goProject/ongoing_project/web/dao/db.go:9
[56.510ms] [rows:1] SELECT SCHEMA_NAME from Information_schema.SCHEMATA where SCHEMA_NAME LIKE 'web%' ORDER BY SCHEMA_NAME='web' DESC,SCHEMA_NAME limit 1

2024/03/09 11:42:09 D:/project/goProject/ongoing_project/web/dao/db.go:9
[57.011ms] [rows:-] SELECT count(*) FROM information_schema.statistics WHERE table_schema = 'web' AND table_name = 'repositories' AND index_name = 'idx_repoUsername_userID'
[GIN-debug] GET    /containers               --> web/web_server.containersList (5 handlers)
[GIN-debug] GET    /containers/all           --> web/web_server.containersListAll (5 handlers)
[GIN-debug] POST   /container/create         --> web/web_server.containerCreate (5 handlers)
[GIN-debug] POST   /container/start          --> web/web_server.containerStart (5 handlers)
[GIN-debug] POST   /container/stop           --> web/web_server.containerStop (5 handlers)
[GIN-debug] POST   /container/kill           --> web/web_server.containerKill (5 handlers)
[GIN-debug] POST   /container/remove         --> web/web_server.containerRemove (5 handlers)
[GIN-debug] POST   /container/search         --> web/web_server.containerSearch (5 handlers)
[GIN-debug] GET    /images                   --> web/web_server.imageList (5 handlers)
[GIN-debug] GET    /images/all               --> web/web_server.imageListAll (5 handlers)
[GIN-debug] POST   /image/buildByFile        --> web/web_server.imageBuildByFile (5 handlers)
[GIN-debug] POST   /image/tag/remove         --> web/web_server.imageTagRemove (5 handlers)
[GIN-debug] POST   /image/removeByID         --> web/web_server.imageRemoveByID (5 handlers)
[GIN-debug] POST   /image/tag/rename         --> web/web_server.imageTagRename (5 handlers)
[GIN-debug] POST   /images/search/repository --> web/web_server.imagesSearchRepository (5 handlers)
[GIN-debug] POST   /images/search/local      --> web/web_server.imagesSearchLocal (5 handlers)
[GIN-debug] POST   /image/addTag             --> web/web_server.imageAddTag (5 handlers)
[GIN-debug] POST   /images/export            --> web/web_server.imagesExport (5 handlers)
[GIN-debug] POST   /images/load              --> web/web_server.imagesLoad (5 handlers)
[GIN-debug] POST   /image/pull               --> web/web_server.imagePull (5 handlers)
[GIN-debug] POST   /image/push               --> web/web_server.imagePush (5 handlers)
[GIN-debug] POST   /repository/login         --> web/web_server.repositoryLogin (5 handlers)
[GIN-debug] POST   /repository/logout        --> web/web_server.repositoryLogout (5 handlers)
[GIN-debug] GET    /repositories/list        --> web/web_server.repositoriesList (5 handlers)
[GIN-debug] POST   /user/addServer           --> web/web_server.userAddServer (4 handlers)
[GIN-debug] POST   /user/removeServer        --> web/web_server.userRemoveServer (4 handlers)
[GIN-debug] GET    /user/listAllServer       --> web/web_server.userListAllServer (4 handlers)
[GIN-debug] POST   /user/login               --> web/web_server.userLogin (3 handlers)
[GIN-debug] POST   /user/register            --> web/web_server.userRegister (3 handlers)
[GIN-debug] Listening and serving HTTPS on :443
[GIN-debug] [WARNING] You trusted all proxies, this is NOT safe. We recommend you to set a value.
Please check https://pkg.go.dev/github.com/gin-gonic/gin#readme-don-t-trust-all-proxies for details.

2024/03/09 11:43:07 D:/project/goProject/ongoing_project/web/dao/db.go:18
[57.458ms] [rows:1] SELECT * FROM `users` WHERE username = 'root' AND `users`.`deleted_at` IS NULL ORDER BY `users`.`id` LIMIT 1
[GIN] 2024/03/09 - 11:43:07 | 200 |     113.521ms |       127.0.0.1 | POST     "/user/login"
[GIN] 2024/03/09 - 11:45:09 | 404 |            0s |       127.0.0.1 | GET      "/user/login"
[GIN] 2024/03/09 - 11:45:09 | 404 |            0s |       127.0.0.1 | GET      "/favicon.ico"
